2019-09-15 20:13:36.865074 (26177) main____ INFO    ----------------------------------------
2019-09-15 20:13:36.866443 (26177) main____ INFO    JasperGold version info
2019-09-15 20:13:36.866473 (26177) main____ INFO      tool      : JasperGold 2018.12
2019-09-15 20:13:36.866500 (26177) main____ INFO      version   : 2018.12 FCS 64 bits
2019-09-15 20:13:36.866519 (26177) main____ INFO      build date: 2018.12.21 18:22:50 PST
2019-09-15 20:13:36.866532 (26177) main____ INFO    ----------------------------------------
2019-09-15 20:13:36.866543 (26177) main____ INFO    Runtime info:
2019-09-15 20:13:36.866558 (26177) main____ INFO      platform  : Linux 3.10.0-957.12.2.el7.x86_64 x86_64
2019-09-15 20:13:36.866579 (26177) main____ INFO      hostname  : wario.ece.utexas.edu
2019-09-15 20:13:36.866593 (26177) main____ INFO      pid       : 26177
2019-09-15 20:13:36.866606 (26177) main____ INFO      arguments : '-style' 'windows'
2019-09-15 20:13:36.866618 (26177) main____ INFO    ----------------------------------------
2019-09-15 20:13:36.866629 (26177) main____ INFO    System resource limits info:
2019-09-15 20:13:36.866646 (26177) main____ INFO      virtual memory: unlimited
2019-09-15 20:13:36.866661 (26177) main____ INFO      cpu time      : unlimited
2019-09-15 20:13:36.866702 (26177) main____ INFO      stack size    : 8388608 B
2019-09-15 20:13:36.866723 (26177) main____ INFO      core file size: 0 B
2019-09-15 20:13:36.866750 (26177) main____ INFO      open files    : 1024
2019-09-15 20:13:36.866765 (26177) main____ INFO      file size     : unlimited
2019-09-15 20:13:36.866778 (26177) main____ INFO    ----------------------------------------
2019-09-15 20:13:36.866789 (26177) main____ INFO    Memory statistics:
2019-09-15 20:13:36.866801 (26177) main____ INFO      total physical memory  : 148326080 kB
2019-09-15 20:13:36.866813 (26177) main____ INFO      free physical memory   : 126949156 kB
2019-09-15 20:13:36.866824 (26177) main____ INFO      committed address space: 22159756 kB
2019-09-15 20:13:36.866835 (26177) main____ INFO    ----------------------------------------
2019-09-15 20:13:36.866900 (26177) main____ INFO    Important environment variables:
2019-09-15 20:13:36.866929 (26177) main____ INFO      CDS_LIC_FILE   : '/usr/local/packages/cadence_2015/license.dat'
2019-09-15 20:13:36.866950 (26177) main____ INFO      DISPLAY        : 'localhost:12.0'
2019-09-15 20:13:36.866969 (26177) main____ INFO      LM_LICENSE_FILE: '/usr/local/packages/cadence_2015/license.dat'
2019-09-15 20:13:36.866982 (26177) main____ INFO    ----------------------------------------
2019-09-15 20:13:36.877217 (26177) lic_core INFO    Initializing license system ...
2019-09-15 20:13:36.983363 (26177) lic_core INFO    ... license system initialized.
2019-09-15 20:13:37.092936 (26177) lic__man INFO    Claim 'main' for <ui>.
2019-09-15 20:13:37.093049 (26177) lic_core INFO    (1) checking out 'jasper_interactive' ...
2019-09-15 20:13:37.189031 (26177) lic_core INFO    ... (1) checkout succeeded
2019-09-15 20:13:37.189175 (26177) lic__man INFO    Claim 'fpv' for <ui>.
2019-09-15 20:13:37.189236 (26177) lic_core INFO    (2) checking out 'jasper_fpv' ...
2019-09-15 20:13:37.212676 (26177) lic_core INFO    ... (2) checkout succeeded
2019-09-15 20:13:40.455702 (26177) lic__man INFO    Claim 'fpv' for <ui>.
2019-09-15 20:13:41.910469 (26177) lic__man INFO    Unclaim 'fpv' for <ui>.
2019-09-15 20:13:41.910553 (26177) lic__man INFO    Claim 'fpv' for <ui>.
2019-09-15 20:13:41.926329 (26177) session_ INFO    Starting analysis session with session id 'session_0' (launcher: <local>) ...
2019-09-15 20:13:41.928573 (26177) session_ INFO    Analysis session with session id 'session_0' started (pid: 26316)
2019-09-15 20:14:04.776542 (26177) session_ INFO    Analysis session 'session_0' connected to the console (host: 146.6.221.77:57140)
2019-09-15 20:19:04.868645 (26177) lic__man INFO    Unclaim everything for 'session_0'.
2019-09-15 20:19:08.740334 (26177) lic__man INFO    Unclaim everything for 'session_0'.
2019-09-15 20:19:09.229240 (26177) lic__man INFO    Claim 'fpv' for 'session_0/prove-0'.
2019-09-15 20:19:11.113997 (26177) lic__man INFO    Unclaim everything for 'session_0/prove-0'.
2019-09-15 20:32:52.874299 (26177) lic__man INFO    Entering idle state.
2019-09-15 21:25:21.751291 (26177) lic__man INFO    Leaving idle state.
2019-09-15 21:25:24.246199 (26177) main____ INFO    About to exit: requested from GUI
2019-09-15 21:25:24.543423 (26177) session_ INFO    Analysis session 'session_0' disconnected.
2019-09-15 21:25:24.553879 (26177) main____ INFO    Exiting with status 0.
