#----------------------------------------
# JasperGold Version Info
# tool      : JasperGold 2015.09
# platform  : Linux 2.6.32-754.9.1.el6.x86_64
# version   : 2015.09 FCS 64 bits
# build date: 2015.09.29 22:07:32 PDT
#----------------------------------------
# started Tue Apr 09 23:23:28 CDT 2019
# hostname  : wario
# pid       : 32329
# arguments : '-label' 'session_0' '-console' 'wario:41653' '-style' 'windows' '-proj' '/home/ecelrc/students/xliu4/verif_labs/lab4/tutorial/jgproject/sessionLogs/session_0' '-init' '-hidden' '/home/ecelrc/students/xliu4/verif_labs/lab4/tutorial/jgproject/.tmp/.initCmds.tcl' 'jg_cmd_syncfifo.tcl'

Any disclosure about the Cadence Design Systems software or its use
model to any third party violates the written Non-Disclosure Agreement
between Cadence Design Systems, Inc. and the customer.

THIS SOFTWARE CONTAINS CONFIDENTIAL INFORMATION AND TRADE SECRETS OF
CADENCE DESIGN SYSTEMS, INC. USE, DISCLOSURE, OR REPRODUCTION IS
PROHIBITED WITHOUT THE PRIOR EXPRESS WRITTEN PERMISSION OF CADENCE
DESIGN SYSTEMS, INC.

Copyright (C) 2000-2015 Cadence Design Systems, Inc. All Rights
Reserved.  Unpublished -- rights reserved under the copyright laws of
the United States.

This product includes software developed by others and redistributed
according to license agreement. See doc/third_party_readme.txt for
further details.

RESTRICTED RIGHTS LEGEND

Use, duplication, or disclosure by the Government is subject to
restrictions as set forth in subparagraph (c) (1) (ii) of the Rights in
Technical Data and Computer Software clause at DFARS 252.227-7013 or
subparagraphs (c) (1) and (2) of Commercial Computer Software -- Restricted
Rights at 48 CFR 52.227-19, as applicable.


                          Cadence Design Systems, Inc. 
                          2655 Seely Avenue
                          San Jose, CA 95134
                          Phone: 408.943.1234

For technical assistance visit http://support.cadence.com.

JasperGold Apps Analysis Session - /home/ecelrc/students/xliu4/verif_labs/lab4/tutorial/jgproject/sessionLogs/session_0

INFO: successfully checked out licenses "jasper_interactive" and "jasper_fpv".
INFO: reading configuration file "/home/ecelrc/students/xliu4/.config/jasper/jaspergold.conf".
% clear -all
INFO (IPF121): Cleared environment completely for new design analysis.
% analyze -v2k sync_fifo.v
[-- (VERI-1482)] Analyzing Verilog file sync_fifo.v
% analyze -sv wrapper_sync_fifo.sv
[-- (VERI-1482)] Analyzing Verilog file /misc/linuxws/packages/cadence_2016/jasper_2015.09/lib/verilog/packages/std/std.sv into library std
[-- (VERI-1482)] Analyzing Verilog file wrapper_sync_fifo.sv
[WARN (VERI-1212)] wrapper_sync_fifo.sv(100): block identifier is required on this block
[WARN (VERI-1212)] wrapper_sync_fifo.sv(119): block identifier is required on this block
[WARN (VERI-1763)] wrapper_sync_fifo.sv(99): the sva directive is not sensitive to clock. The directive will be sampled on the posedge of the fastest clock.
[WARN (VERI-1763)] wrapper_sync_fifo.sv(117): the sva directive is not sensitive to clock. The directive will be sampled on the posedge of the fastest clock.
[WARN (VERI-1763)] wrapper_sync_fifo.sv(118): the sva directive is not sensitive to clock. The directive will be sampled on the posedge of the fastest clock.
% elaborate -top sync_fifo
INFO (ISW003): Top module name is "sync_fifo".
[INFO (VERI-1018)] sync_fifo.v(1): compiling module sync_fifo
[WARN (VERI-1209)] sync_fifo.v(75): expression size 32 truncated to fit in target size 2
[WARN (VERI-1209)] sync_fifo.v(76): expression size 32 truncated to fit in target size 2
[INFO (VERI-1018)] wrapper_sync_fifo.sv(1): compiling module fifo_verif
[INFO] Beginning multiple driver analysis
[INFO] Finished multiple driver analysis
[INFO] Module Name sync_fifo
sync_fifo
[<embedded>] % clock clock
[<embedded>] % reset reset
INFO (IPM031): Invalidating proof results of all properties in the Property Manager.
INFO (IRS006): Current reset condition is "reset".
[<embedded>] % prove -bg -all
INFO (IPF031): Settings used for this proof:
    time_limit                    = 86400s
    per_property_time_limit       = 1s * 10 ^ scan
    engine_mode                   = Hp Ht N B 
    proofgrid_per_engine_max_jobs = 1
    proofgrid_mode                = local
    proofgrid_restarts            = 10
background
INFO (IPF036): Starting proof on task: "<embedded>", 24 properties to prove with 0 already proven/unreachable
INFO (IRS029): Starting reset analysis: phase 1 of 4.
INFO (IRS030): Running reset analysis phase 2 of 4.
INFO (IRS031): Running reset analysis phase 3 of 4.
INFO (IRS020): Starting the reset analysis simulation with a limit of 100 iterations (phase 4 of 4).
INFO (IRS024): Reset iterations 0 to 4 analyzed.
INFO (IRS018): Reset analysis simulation executed for 3 iterations. Assigned values for 20 of 68 design flops, 0 of 0 design latches, 8 of 8 internal elements.
Using multistage preprocessing
Starting reduce
Finished reduce in 0.001s
Performing Proof Simplification...
0.Hp: clocks: 1, declared: 1, disabling: 0, posedge: 1, negedge: 0, noedge: 0, bothedge: 0
0.Hp: Proof Simplification Iteration 1	[0.00 s]
0.Hp: Proof Simplification Iteration 2	[0.00 s]
0.Hp: Proof Simplification Iteration 3	[0.00 s]
Proof Simplification completed in 0.01 s
0.Hp: Identified and disabled 1 duplicated target.
About to start distributed ProofGrid in its own thread with a limit of 20 pending notifications.
ProofGrid usable level: 23
0.N: Proofgrid shell started at 32648@wario(local) jg_32329_wario_1
0.Hp: Proofgrid shell started at 32646@wario(local) jg_32329_wario_1
0.Ht: Proofgrid shell started at 32647@wario(local) jg_32329_wario_1
0.N: clocks: 1, declared: 1, disabling: 0, posedge: 1, negedge: 0, noedge: 0, bothedge: 0
0.N: Next scan (0) will use per property time limit: 1s * 10 ^ 0 = 1s
0.N: Starting proof for property "sync_fifo.fifo_verif_inst.ck_empty_correctness"	[0.00 s].
0.Hp: clocks: 1, declared: 1, disabling: 0, posedge: 1, negedge: 0, noedge: 0, bothedge: 0
0.Ht: clocks: 1, declared: 1, disabling: 0, posedge: 1, negedge: 0, noedge: 0, bothedge: 0
0.N: Trace Attempt  1	[0.00 s]
0.N: Trace Attempt  1	[0.00 s]
0.N: Trace Attempt  2	[0.00 s]
0.Hp: Trace Attempt  1	[0.00 s]
0.Hp: A trace with 1 cycles was found. [0.00 s]
0.Hp: A trace with 1 cycles was found. [0.00 s]
0.Hp: A trace with 1 cycles was found. [0.00 s]
0.Hp: A trace with 1 cycles was found. [0.00 s]
INFO (IPF047): 0.Hp: The cover property "sync_fifo.fifo_verif_inst.ck_empty_correctness:precondition1" was covered in 1 cycles in 0.01 s.
INFO (IPF047): 0.Hp: The cover property "sync_fifo.fifo_verif_inst.[0].ck_wr_num" was covered in 1 cycles in 0.01 s by the incidental trace "sync_fifo.fifo_verif_inst.ck_empty_correctness:precondition1".
INFO (IPF047): 0.Hp: The cover property "sync_fifo.fifo_verif_inst.[0].ck_rd_num" was covered in 1 cycles in 0.01 s by the incidental trace "sync_fifo.fifo_verif_inst.ck_empty_correctness:precondition1".
INFO (IPF047): 0.Hp: The cover property "sync_fifo.fifo_verif_inst.[0].ck_all_used" was covered in 1 cycles in 0.01 s by the incidental trace "sync_fifo.fifo_verif_inst.ck_empty_correctness:precondition1".
0.Ht: Trace Attempt  1	[0.00 s]
0.Ht: Trace Attempt  2	[0.00 s]
0.Ht: A trace with 2 cycles was found. [0.00 s]
0.Ht: A trace with 2 cycles was found. [0.00 s]
INFO (IPF047): 0.Ht: The cover property "sync_fifo.fifo_verif_inst.[1].ck_all_used" was covered in 2 cycles in 0.01 s.
INFO (IPF047): 0.Ht: The cover property "sync_fifo.fifo_verif_inst.[1].ck_wr_num" was covered in 2 cycles in 0.01 s by the incidental trace "sync_fifo.fifo_verif_inst.[1].ck_all_used".
0.Ht: A trace with 2 cycles was found. [0.00 s]
INFO (IPF047): 0.Ht: The cover property "sync_fifo.fifo_verif_inst.[1].ck_rd_num" was covered in 2 cycles in 0.01 s.
0.Ht: Trace Attempt  3	[0.00 s]
0.Ht: Trace Attempt  4	[0.00 s]
0.Ht: A trace with 4 cycles was found. [0.00 s]
0.Ht: A trace with 4 cycles was found. [0.00 s]
INFO (IPF047): 0.Ht: The cover property "sync_fifo.fifo_verif_inst.[2].ck_all_used" was covered in 4 cycles in 0.01 s.
INFO (IPF047): 0.Ht: The cover property "sync_fifo.fifo_verif_inst.[2].ck_wr_num" was covered in 4 cycles in 0.01 s by the incidental trace "sync_fifo.fifo_verif_inst.[2].ck_all_used".
0.Ht: A trace with 4 cycles was found. [0.00 s]
INFO (IPF047): 0.Ht: The cover property "sync_fifo.fifo_verif_inst.[2].ck_rd_num" was covered in 4 cycles in 0.01 s.
0.Ht: Trace Attempt  5	[0.00 s]
0.N: Trace Attempt  2	[0.00 s]
0.N: Trace Attempt  1	[0.00 s]
0.N: Trace Attempt  2	[0.00 s]
0.N: Trace Attempt  3	[0.00 s]
0.B: Proofgrid shell started at 32649@wario(local) jg_32329_wario_1
0.Ht: Trace Attempt  6	[0.00 s]
0.Ht: A trace with 6 cycles was found. [0.01 s]
0.Ht: A trace with 6 cycles was found. [0.01 s]
INFO (IPF047): 0.Ht: The cover property "sync_fifo.fifo_verif_inst.[3].ck_all_used" was covered in 6 cycles in 0.01 s.
INFO (IPF047): 0.Ht: The cover property "sync_fifo.fifo_verif_inst.[3].ck_wr_num" was covered in 6 cycles in 0.01 s by the incidental trace "sync_fifo.fifo_verif_inst.[3].ck_all_used".
0.Ht: A trace with 6 cycles was found. [0.01 s]
INFO (IPF047): 0.Ht: The cover property "sync_fifo.fifo_verif_inst.[3].ck_rd_num" was covered in 6 cycles in 0.01 s.
0.N: Trace Attempt  3	[0.01 s]
0.N: Trace Attempt  3	[0.01 s]
0.N: Trace Attempt  4	[0.01 s]
0.B: clocks: 1, declared: 1, disabling: 0, posedge: 1, negedge: 0, noedge: 0, bothedge: 0
0.B: Next scan (0) will use per property time limit: 1s * 10 ^ 0 = 1s
0.B: Starting proof for property "sync_fifo.fifo_verif_inst.ck_empty_correctness"	[0.00 s].
0.B: Trace Attempt  1	[0.00 s]
0.N: Trace Attempt  5	[0.01 s]
0.B: Trace Attempt  2	[0.00 s]
0.B: Trace Attempt  3	[0.00 s]
0.B: Trace Attempt  4	[0.00 s]
0.Ht: Trace Attempt  8	[0.01 s]
0.Ht: A trace with 8 cycles was found. [0.02 s]
0.Ht: A trace with 8 cycles was found. [0.02 s]
0.Ht: A trace with 8 cycles was found. [0.02 s]
INFO (IPF047): 0.Ht: The cover property "sync_fifo.fifo_verif_inst.cl_full_correctness:precondition1" was covered in 8 cycles in 0.02 s.
INFO (IPF047): 0.Ht: The cover property "sync_fifo.fifo_verif_inst.ck_empty_to_full" was covered in 8 cycles in 0.02 s by the incidental trace "sync_fifo.fifo_verif_inst.cl_full_correctness:precondition1".
INFO (IPF047): 0.Ht: The cover property "sync_fifo.fifo_verif_inst.[4].ck_wr_num" was covered in 8 cycles in 0.02 s by the incidental trace "sync_fifo.fifo_verif_inst.cl_full_correctness:precondition1".
0.B: Trace Attempt  5	[0.01 s]
0.Ht: A trace with 8 cycles was found. [0.02 s]
INFO (IPF047): 0.Ht: The cover property "sync_fifo.fifo_verif_inst.[4].ck_rd_num" was covered in 8 cycles in 0.02 s.
0.Ht: Trace Attempt 10	[0.04 s]
0.Ht: A trace with 10 cycles was found. [0.08 s]
INFO (IPF047): 0.Ht: The cover property "sync_fifo.fifo_verif_inst.[5].ck_wr_num" was covered in 10 cycles in 0.08 s.
0.Ht: A trace with 10 cycles was found. [0.08 s]
INFO (IPF047): 0.Ht: The cover property "sync_fifo.fifo_verif_inst.[5].ck_rd_num" was covered in 10 cycles in 0.08 s.
0.Hp: Trace Attempt  2	[0.27 s]
0.Hp: Trace Attempt  3	[0.27 s]
0.Hp: Trace Attempt  4	[0.27 s]
0.Hp: Trace Attempt  5	[0.27 s]
0.Ht: Trace Attempt 12	[0.17 s]
0.Ht: A trace with 12 cycles was found. [0.35 s]
INFO (IPF047): 0.Ht: The cover property "sync_fifo.fifo_verif_inst.[6].ck_wr_num" was covered in 12 cycles in 0.35 s.
0.Ht: A trace with 12 cycles was found. [0.35 s]
INFO (IPF047): 0.Ht: The cover property "sync_fifo.fifo_verif_inst.[6].ck_rd_num" was covered in 12 cycles in 0.35 s.
0.N: Validation of fixpoint with 284 clauses was successful. Time = 0.01
0.N: Trace Attempt 20	[0.48 s]
0.N: A proof was found: No trace exists. [0.55 s]
INFO (IPF057): 0.N: The property "sync_fifo.fifo_verif_inst.ck_empty_correctness" was proven in 0.55 s.
0.N: Starting proof for property "sync_fifo.fifo_verif_inst.cl_full_correctness"	[0.00 s].
0.B: Starting proof for property "sync_fifo.fifo_verif_inst.cl_full_correctness"	[0.00 s].
0.B: Trace Attempt  1	[0.00 s]
0.B: Trace Attempt  2	[0.00 s]
0.B: Trace Attempt  3	[0.00 s]
0.N: Trace Attempt  1	[0.00 s]
0.N: Trace Attempt  1	[0.00 s]
0.N: Trace Attempt  2	[0.00 s]
0.N: Trace Attempt  3	[0.00 s]
0.N: Trace Attempt  3	[0.00 s]
0.B: Trace Attempt  4	[0.00 s]
0.N: Trace Attempt  3	[0.01 s]
0.B: Trace Attempt  5	[0.01 s]
0.N: Trace Attempt  5	[0.01 s]
0.N: Trace Attempt  3	[0.08 s]
0.N: Trace Attempt  5	[0.08 s]
ProofGrid usable level: 2
0.Hp: Trace Attempt 15	[0.91 s]
0.Hp: A trace with 15 cycles was found. [1.13 s]
INFO (IPF047): 0.Hp: The cover property "sync_fifo.fifo_verif_inst.ck_full_to_empty" was covered in 15 cycles in 1.13 s.
0.N: Validation of fixpoint with 310 clauses was successful. Time = 0.01
0.N: Trace Attempt 29	[0.91 s]
0.N: A proof was found: No trace exists. [0.98 s]
INFO (IPF057): 0.N: The property "sync_fifo.fifo_verif_inst.cl_full_correctness" was proven in 0.98 s.
0.Hp: Interrupted (multi)
0.Ht: Interrupted (multi)
0.N: All properties determined. [1.51 s]
Initiating shutdown of proof (@ 1.53 s)
0.Hp: Trace Attempt 16	[1.16 s]
0.Hp: Interrupted. [1.52 s]
0.Ht: Trace Attempt 17	[1.49 s]
0.Ht: Interrupted. [1.52 s]
0.B: Trace Attempt 17	[0.64 s]
0.B: Interrupted. [1.51 s]
0.Hp: Exited with Success (@ 1.54 s)
0.Ht: Exited with Success (@ 1.54 s)
0.N: Exited with Success (@ 1.54 s)
0.B: Exited with Success (@ 1.54 s)
ProofGrid usable level: 0
ProofGrid usable level: 0
All pending notifications were processed.
INFO (IPF059): Completed proof on task: <embedded>

==============================================================
SUMMARY
==============================================================
	Properties Considered : 24
	      assertions      : 2
	       - proven       : 2 (100%)
	       - marked_proven: 0 (0%)
	       - cex          : 0 (0%)
	       - ar_cex       : 0 (0%)
	       - undetermined : 0 (0%)
	       - unprocessed  : 0 (0%)
	       - error        : 0 (0%)
	      covers          : 22
	       - unreachable  : 0 (0%)
	       - covered      : 22 (100%)
	       - ar_covered   : 0 (0%)
	       - undetermined : 0 (0%)
	       - unprocessed  : 0 (0%)
	       - error        : 0 (0%)
