#----------------------------------------
# JasperGold Version Info
# tool      : JasperGold 2015.09
# platform  : Linux 2.6.32-754.9.1.el6.x86_64
# version   : 2015.09 FCS 64 bits
# build date: 2015.09.29 22:07:32 PDT
#----------------------------------------
# started Fri Apr 12 19:41:12 CDT 2019
# hostname  : wario
# pid       : 17604
# arguments : '-label' 'session_0' '-console' 'wario:43084' '-style' 'windows' '-proj' '/home/ecelrc/students/xliu4/verif_labs/lab4/lab4_partb/jgproject/sessionLogs/session_0' '-init' '-hidden' '/home/ecelrc/students/xliu4/verif_labs/lab4/lab4_partb/jgproject/.tmp/.initCmds.tcl' 'lab4_pb.tcl'

Any disclosure about the Cadence Design Systems software or its use
model to any third party violates the written Non-Disclosure Agreement
between Cadence Design Systems, Inc. and the customer.

THIS SOFTWARE CONTAINS CONFIDENTIAL INFORMATION AND TRADE SECRETS OF
CADENCE DESIGN SYSTEMS, INC. USE, DISCLOSURE, OR REPRODUCTION IS
PROHIBITED WITHOUT THE PRIOR EXPRESS WRITTEN PERMISSION OF CADENCE
DESIGN SYSTEMS, INC.

Copyright (C) 2000-2015 Cadence Design Systems, Inc. All Rights
Reserved.  Unpublished -- rights reserved under the copyright laws of
the United States.

This product includes software developed by others and redistributed
according to license agreement. See doc/third_party_readme.txt for
further details.

RESTRICTED RIGHTS LEGEND

Use, duplication, or disclosure by the Government is subject to
restrictions as set forth in subparagraph (c) (1) (ii) of the Rights in
Technical Data and Computer Software clause at DFARS 252.227-7013 or
subparagraphs (c) (1) and (2) of Commercial Computer Software -- Restricted
Rights at 48 CFR 52.227-19, as applicable.


                          Cadence Design Systems, Inc. 
                          2655 Seely Avenue
                          San Jose, CA 95134
                          Phone: 408.943.1234

For technical assistance visit http://support.cadence.com.

JasperGold Apps Analysis Session - /home/ecelrc/students/xliu4/verif_labs/lab4/lab4_partb/jgproject/sessionLogs/session_0

INFO: successfully checked out licenses "jasper_interactive" and "jasper_fpv".
INFO: reading configuration file "/home/ecelrc/students/xliu4/.config/jasper/jaspergold.conf".
% #Tcl script which can be used with JasperGold
% #Use "source lab4_pb.tcl" in the console to source this script
% clear -all
INFO (IPF121): Cleared environment completely for new design analysis.
% #Reading the files 
% 
% analyze -v2k decoder.v 
[-- (VERI-1482)] Analyzing Verilog file decoder.v
[INFO (VERI-1328)] decoder.v(1): analyzing included file constants.v
[INFO (VERI-1328)] decoder.v(2): analyzing included file rv32_opcodes.v
[INFO (VERI-1328)] decoder.v(3): analyzing included file alu_ops.v
% analyze -v2k rv32_opcodes.v 
[-- (VERI-1482)] Analyzing Verilog file rv32_opcodes.v
% analyze -v2k constants.v
[-- (VERI-1482)] Analyzing Verilog file constants.v
% analyze -v2k alu_ops.v
[-- (VERI-1482)] Analyzing Verilog file alu_ops.v
% analyze -v2k pipeline.v
[-- (VERI-1482)] Analyzing Verilog file pipeline.v
[INFO (VERI-1328)] pipeline.v(1): analyzing included file constants.v
[INFO (VERI-1328)] pipeline.v(2): analyzing included file alu_ops.v
[INFO (VERI-1328)] pipeline.v(3): analyzing included file rv32_opcodes.v
% analyze -sv v_decoder.sv
[-- (VERI-1482)] Analyzing Verilog file /misc/linuxws/packages/cadence_2016/jasper_2015.09/lib/verilog/packages/std/std.sv into library std
[-- (VERI-1482)] Analyzing Verilog file v_decoder.sv
[INFO (VERI-1328)] v_decoder.sv(1): analyzing included file constants.v
[INFO (VERI-1328)] v_decoder.sv(2): analyzing included file rv32_opcodes.v
[INFO (VERI-1328)] v_decoder.sv(3): analyzing included file alu_ops.v
[WARN (VERI-1208)] v_decoder.sv(73): literal value truncated to fit in 2 bits
[WARN (VERI-1208)] v_decoder.sv(74): literal value truncated to fit in 2 bits
[WARN (VERI-1208)] v_decoder.sv(76): literal value truncated to fit in 2 bits
[WARN (VERI-1208)] v_decoder.sv(77): literal value truncated to fit in 2 bits
[WARN (VERI-1208)] v_decoder.sv(78): literal value truncated to fit in 2 bits
[WARN (VERI-1208)] v_decoder.sv(79): literal value truncated to fit in 2 bits
[WARN (VERI-1208)] v_decoder.sv(80): literal value truncated to fit in 2 bits
[WARN (VERI-1208)] v_decoder.sv(81): literal value truncated to fit in 2 bits
[WARN (VERI-1208)] v_decoder.sv(82): literal value truncated to fit in 2 bits
[WARN (VERI-1208)] v_decoder.sv(83): literal value truncated to fit in 2 bits
[WARN (VERI-1208)] v_decoder.sv(84): literal value truncated to fit in 2 bits
[WARN (VERI-1208)] v_decoder.sv(85): literal value truncated to fit in 2 bits
[WARN (VERI-1208)] v_decoder.sv(86): literal value truncated to fit in 2 bits
[WARN (VERI-1208)] v_decoder.sv(87): literal value truncated to fit in 2 bits
[WARN (VERI-1208)] v_decoder.sv(88): literal value truncated to fit in 2 bits
[WARN (VERI-1208)] v_decoder.sv(89): literal value truncated to fit in 2 bits
[WARN (VERI-1208)] v_decoder.sv(90): literal value truncated to fit in 2 bits
[WARN (VERI-1208)] v_decoder.sv(91): literal value truncated to fit in 2 bits
[WARN (VERI-1208)] v_decoder.sv(92): literal value truncated to fit in 2 bits
[WARN (VERI-1208)] v_decoder.sv(93): literal value truncated to fit in 2 bits
[WARN (VERI-1208)] v_decoder.sv(94): literal value truncated to fit in 2 bits
[WARN (VERI-1208)] v_decoder.sv(95): literal value truncated to fit in 2 bits
[WARN (VERI-1208)] v_decoder.sv(96): literal value truncated to fit in 2 bits
[WARN (VERI-1208)] v_decoder.sv(97): literal value truncated to fit in 2 bits
[WARN (VERI-1208)] v_decoder.sv(98): literal value truncated to fit in 2 bits
[WARN (VERI-1208)] v_decoder.sv(99): literal value truncated to fit in 2 bits
[WARN (VERI-1208)] v_decoder.sv(100): literal value truncated to fit in 2 bits
[WARN (VERI-1208)] v_decoder.sv(101): literal value truncated to fit in 2 bits
[WARN (VERI-1208)] v_decoder.sv(102): literal value truncated to fit in 2 bits
% 
% #Elaborating the design
% elaborate -bbox {1} -top pipeline 
INFO (ISW003): Top module name is "pipeline".
[WARN (VERI-1927)] pipeline.v(591): port clk remains unconnected for this instance
[WARN (VERI-1927)] pipeline.v(613): port clk remains unconnected for this instance
[INFO (VERI-1018)] pipeline.v(7): compiling module pipeline
[WARN (VERI-9026)] pipeline.v(515): pipeline_if is undefined, instance pipe_if will be black boxed
[WARN (VERI-1209)] pipeline.v(536): expression size 10 truncated to fit in target size 1
[WARN (VERI-9026)] pipeline.v(569): tag_generator is undefined, instance taggen will be black boxed
[INFO (VERI-1018)] decoder.v(6): compiling module decoder
[WARN (VERI-1221)] decoder.v(65): opcode should be on the sensitivity list
[WARN (VERI-1221)] decoder.v(83): funct3 should be on the sensitivity list
[WARN (VERI-1221)] decoder.v(103): funct3 should be on the sensitivity list
[WARN (VERI-1221)] decoder.v(130): alu_op_arith should be on the sensitivity list
[WARN (VERI-1221)] decoder.v(136): alu_op_arith should be on the sensitivity list
[WARN (VERI-1221)] decoder.v(138): inst should be on the sensitivity list
[WARN (VERI-1221)] decoder.v(138): inst should be on the sensitivity list
[WARN (VERI-1221)] decoder.v(140): rs_ent_md should be on the sensitivity list
[WARN (VERI-1221)] decoder.v(196): funct3 should be on the sensitivity list
[WARN (VERI-1221)] decoder.v(197): add_or_sub should be on the sensitivity list
[WARN (VERI-1221)] decoder.v(202): srl_or_sra should be on the sensitivity list
[WARN (VERI-1209)] decoder.v(216): expression size 32 truncated to fit in target size 3
[WARN (VERI-1221)] decoder.v(223): funct3 should be on the sensitivity list
[INFO (VERI-1018)] v_decoder.sv(6): compiling module decoder_prop
[WARN (VERI-9028)] pipeline.v(591): missing/open ports on instance dec1 of module decoder
[WARN (VERI-9028)] pipeline.v(613): missing/open ports on instance dec2 of module decoder
[WARN (VDB-1002)] pipeline.v(22): net stall_DP does not have a driver
[WARN (VDB-1002)] pipeline.v(435): net jmpaddr[31] does not have a driver
[WARN (VDB-1013)] pipeline.v(591): input port clk is not connected on this instance
[WARN (VDB-1013)] pipeline.v(613): input port clk is not connected on this instance
[INFO] Beginning multiple driver analysis
[INFO] Finished multiple driver analysis
[INFO] Module Name pipeline
WARNING (WNL008): Module "pipeline_if" is undefined. All instances will be black boxed.
WARNING (WNL008): Module "tag_generator" is undefined. All instances will be black boxed.
pipeline
[<embedded>] % 
[<embedded>] % #Set the clock
[<embedded>] % clock clk
[<embedded>] % #Set Reset
[<embedded>] % reset reset
INFO (IPM031): Invalidating proof results of all properties in the Property Manager.
INFO (IRS006): Current reset condition is "reset".
[<embedded>] % #Prove all
[<embedded>] % prove -bg -all
INFO (IPF031): Settings used for this proof:
    time_limit                    = 86400s
    per_property_time_limit       = 1s * 10 ^ scan
    engine_mode                   = Hp Ht N B 
    proofgrid_per_engine_max_jobs = 1
    proofgrid_mode                = local
    proofgrid_restarts            = 10
background
INFO (IPF036): Starting proof on task: "<embedded>", 190 properties to prove with 0 already proven/unreachable
[<embedded>] % 
[<embedded>] % 
[<embedded>] % 
INFO (IRS029): Starting reset analysis: phase 1 of 4.
INFO (IRS030): Running reset analysis phase 2 of 4.
INFO (IRS031): Running reset analysis phase 3 of 4.
INFO (IRS020): Starting the reset analysis simulation with a limit of 100 iterations (phase 4 of 4).
INFO (IRS024): Reset iterations 0 to 4 analyzed.
INFO (IRS018): Reset analysis simulation executed for 3 iterations. Assigned values for 447 of 447 design flops, 0 of 0 design latches, 192 of 192 internal elements.
0.PRE: A proof was found: No trace exists. [0.00 s]
INFO (IPF057): 0.PRE: The property "pipeline.dec1.de_wp.a3" was proven in 0.00 s.
0.PRE: A proof was found: No trace exists. [0.00 s]
INFO (IPF057): 0.PRE: The property "pipeline.dec2.de_wp.a3" was proven in 0.00 s.
Found proofs for 2 properties in preprocessing
Using multistage preprocessing
Starting reduce
Finished reduce in 0.002s
Performing Proof Simplification...
0.Hp: clocks: 3, declared: 1, disabling: 0, posedge: 3, negedge: 0, noedge: 0, bothedge: 0
0.Hp: Proof Simplification Iteration 1	[0.00 s]
0.Hp: Proof Simplification Iteration 2	[0.00 s]
0.Hp: Proof Simplification Iteration 3	[0.00 s]
Proof Simplification completed in 0.01 s
About to start distributed ProofGrid in its own thread with a limit of 20 pending notifications.
ProofGrid usable level: 188
0.Hp: Proofgrid shell started at 18151@wario(local) jg_17604_wario_1
0.Ht: Proofgrid shell started at 18152@wario(local) jg_17604_wario_1
0.Hp: clocks: 1, declared: 1, disabling: 0, posedge: 1, negedge: 0, noedge: 0, bothedge: 0
0.Ht: clocks: 1, declared: 1, disabling: 0, posedge: 1, negedge: 0, noedge: 0, bothedge: 0
0.Ht: Trace Attempt  1	[0.00 s]
0.N: Proofgrid shell started at 18153@wario(local) jg_17604_wario_1
0.B: Proofgrid shell started at 18155@wario(local) jg_17604_wario_1
0.Hp: A proof was found: No trace exists. [0.00 s]
INFO (IPF057): 0.Hp: The property "pipeline.dec1.de_wp.a1" was proven in 0.02 s.
0.Hp: A proof was found: No trace exists. [0.00 s]
INFO (IPF057): 0.Hp: The property "pipeline.dec1.de_wp.a2" was proven in 0.02 s.
0.Hp: A proof was found: No trace exists. [0.00 s]
INFO (IPF057): 0.Hp: The property "pipeline.dec1.de_wp.a4" was proven in 0.02 s.
0.Hp: A proof was found: No trace exists. [0.00 s]
INFO (IPF057): 0.Hp: The property "pipeline.dec1.de_wp.a5" was proven in 0.02 s.
0.Hp: A proof was found: No trace exists. [0.00 s]
INFO (IPF057): 0.Hp: The property "pipeline.dec1.de_wp.a6" was proven in 0.02 s.
0.Hp: A proof was found: No trace exists. [0.00 s]
INFO (IPF057): 0.Hp: The property "pipeline.dec1.de_wp.a7" was proven in 0.02 s.
0.Hp: A proof was found: No trace exists. [0.00 s]
INFO (IPF057): 0.Hp: The property "pipeline.dec1.de_wp.a8" was proven in 0.02 s.
0.Hp: A proof was found: No trace exists. [0.00 s]
INFO (IPF057): 0.Hp: The property "pipeline.dec1.de_wp.a9" was proven in 0.02 s.
0.Hp: A proof was found: No trace exists. [0.00 s]
INFO (IPF057): 0.Hp: The property "pipeline.dec1.de_wp.a10" was proven in 0.02 s.
0.Hp: A proof was found: No trace exists. [0.00 s]
INFO (IPF057): 0.Hp: The property "pipeline.dec1.de_wp.a11" was proven in 0.02 s.
0.Hp: A proof was found: No trace exists. [0.00 s]
INFO (IPF057): 0.Hp: The property "pipeline.dec1.de_wp.a12" was proven in 0.02 s.
0.Hp: A proof was found: No trace exists. [0.00 s]
INFO (IPF057): 0.Hp: The property "pipeline.dec1.de_wp.a13" was proven in 0.02 s.
0.Hp: A proof was found: No trace exists. [0.00 s]
INFO (IPF057): 0.Hp: The property "pipeline.dec1.de_wp.a14" was proven in 0.02 s.
0.Hp: A proof was found: No trace exists. [0.00 s]
INFO (IPF057): 0.Hp: The property "pipeline.dec1.de_wp.a15" was proven in 0.02 s.
0.Hp: A proof was found: No trace exists. [0.00 s]
INFO (IPF057): 0.Hp: The property "pipeline.dec1.de_wp.a16" was proven in 0.02 s.
0.Hp: A proof was found: No trace exists. [0.01 s]
INFO (IPF057): 0.Hp: The property "pipeline.dec1.de_wp.a17" was proven in 0.02 s.
0.Hp: A proof was found: No trace exists. [0.01 s]
INFO (IPF057): 0.Hp: The property "pipeline.dec1.de_wp.a18" was proven in 0.02 s.
0.Hp: A proof was found: No trace exists. [0.01 s]
INFO (IPF057): 0.Hp: The property "pipeline.dec1.de_wp.a19" was proven in 0.02 s.
0.Hp: A proof was found: No trace exists. [0.01 s]
INFO (IPF057): 0.Hp: The property "pipeline.dec1.de_wp.a20" was proven in 0.02 s.
0.Hp: A proof was found: No trace exists. [0.01 s]
INFO (IPF057): 0.Hp: The property "pipeline.dec1.de_wp.a21" was proven in 0.02 s.
0.Hp: A proof was found: No trace exists. [0.01 s]
INFO (IPF057): 0.Hp: The property "pipeline.dec1.de_wp.a22" was proven in 0.02 s.
0.Hp: A proof was found: No trace exists. [0.01 s]
INFO (IPF057): 0.Hp: The property "pipeline.dec1.de_wp.a23" was proven in 0.02 s.
0.Hp: A proof was found: No trace exists. [0.01 s]
INFO (IPF057): 0.Hp: The property "pipeline.dec1.de_wp.a24" was proven in 0.02 s.
0.Hp: A proof was found: No trace exists. [0.01 s]
INFO (IPF057): 0.Hp: The property "pipeline.dec1.de_wp.a25" was proven in 0.02 s.
0.Hp: A proof was found: No trace exists. [0.01 s]
INFO (IPF057): 0.Hp: The property "pipeline.dec1.de_wp.a26" was proven in 0.02 s.
0.Hp: A proof was found: No trace exists. [0.01 s]
INFO (IPF057): 0.Hp: The property "pipeline.dec1.de_wp.a27" was proven in 0.02 s.
0.Hp: A proof was found: No trace exists. [0.01 s]
INFO (IPF057): 0.Hp: The property "pipeline.dec1.de_wp.a28" was proven in 0.02 s.
0.Hp: A proof was found: No trace exists. [0.01 s]
INFO (IPF057): 0.Hp: The property "pipeline.dec1.de_wp.a30" was proven in 0.02 s.
0.Hp: A proof was found: No trace exists. [0.01 s]
INFO (IPF057): 0.Hp: The property "pipeline.dec1.de_wp.a31" was proven in 0.02 s.
0.Hp: A proof was found: No trace exists. [0.01 s]
INFO (IPF057): 0.Hp: The property "pipeline.dec1.de_wp.a32" was proven in 0.02 s.
0.Hp: A proof was found: No trace exists. [0.01 s]
INFO (IPF057): 0.Hp: The property "pipeline.dec1.de_wp.a33" was proven in 0.02 s.
0.Hp: A proof was found: No trace exists. [0.01 s]
INFO (IPF057): 0.Hp: The property "pipeline.dec2.de_wp.a1" was proven in 0.02 s.
0.Hp: A proof was found: No trace exists. [0.01 s]
INFO (IPF057): 0.Hp: The property "pipeline.dec2.de_wp.a2" was proven in 0.02 s.
0.Hp: A proof was found: No trace exists. [0.01 s]
INFO (IPF057): 0.Hp: The property "pipeline.dec2.de_wp.a4" was proven in 0.02 s.
0.Hp: A proof was found: No trace exists. [0.01 s]
INFO (IPF057): 0.Hp: The property "pipeline.dec2.de_wp.a5" was proven in 0.02 s.
0.Hp: A proof was found: No trace exists. [0.01 s]
INFO (IPF057): 0.Hp: The property "pipeline.dec2.de_wp.a6" was proven in 0.02 s.
0.Hp: A proof was found: No trace exists. [0.01 s]
INFO (IPF057): 0.Hp: The property "pipeline.dec2.de_wp.a7" was proven in 0.02 s.
0.Hp: A proof was found: No trace exists. [0.01 s]
INFO (IPF057): 0.Hp: The property "pipeline.dec2.de_wp.a8" was proven in 0.02 s.
0.Hp: A proof was found: No trace exists. [0.01 s]
INFO (IPF057): 0.Hp: The property "pipeline.dec2.de_wp.a9" was proven in 0.02 s.
0.Hp: A proof was found: No trace exists. [0.01 s]
INFO (IPF057): 0.Hp: The property "pipeline.dec2.de_wp.a10" was proven in 0.02 s.
0.Hp: A proof was found: No trace exists. [0.01 s]
INFO (IPF057): 0.Hp: The property "pipeline.dec2.de_wp.a11" was proven in 0.02 s.
0.Hp: A proof was found: No trace exists. [0.01 s]
INFO (IPF057): 0.Hp: The property "pipeline.dec2.de_wp.a12" was proven in 0.02 s.
0.Hp: A proof was found: No trace exists. [0.01 s]
INFO (IPF057): 0.Hp: The property "pipeline.dec2.de_wp.a13" was proven in 0.02 s.
0.Hp: A proof was found: No trace exists. [0.01 s]
INFO (IPF057): 0.Hp: The property "pipeline.dec2.de_wp.a14" was proven in 0.02 s.
0.Hp: A proof was found: No trace exists. [0.01 s]
INFO (IPF057): 0.Hp: The property "pipeline.dec2.de_wp.a15" was proven in 0.02 s.
0.Hp: A proof was found: No trace exists. [0.01 s]
INFO (IPF057): 0.Hp: The property "pipeline.dec2.de_wp.a16" was proven in 0.02 s.
0.Hp: A proof was found: No trace exists. [0.01 s]
INFO (IPF057): 0.Hp: The property "pipeline.dec2.de_wp.a17" was proven in 0.02 s.
0.Hp: A proof was found: No trace exists. [0.01 s]
INFO (IPF057): 0.Hp: The property "pipeline.dec2.de_wp.a18" was proven in 0.02 s.
0.Hp: A proof was found: No trace exists. [0.01 s]
INFO (IPF057): 0.Hp: The property "pipeline.dec2.de_wp.a19" was proven in 0.03 s.
0.Hp: A proof was found: No trace exists. [0.01 s]
INFO (IPF057): 0.Hp: The property "pipeline.dec2.de_wp.a20" was proven in 0.03 s.
0.Hp: A proof was found: No trace exists. [0.01 s]
INFO (IPF057): 0.Hp: The property "pipeline.dec2.de_wp.a21" was proven in 0.03 s.
0.Hp: A proof was found: No trace exists. [0.01 s]
INFO (IPF057): 0.Hp: The property "pipeline.dec2.de_wp.a22" was proven in 0.03 s.
0.Hp: A proof was found: No trace exists. [0.01 s]
INFO (IPF057): 0.Hp: The property "pipeline.dec2.de_wp.a23" was proven in 0.03 s.
0.Hp: A proof was found: No trace exists. [0.01 s]
INFO (IPF057): 0.Hp: The property "pipeline.dec2.de_wp.a24" was proven in 0.03 s.
0.Hp: A proof was found: No trace exists. [0.01 s]
INFO (IPF057): 0.Hp: The property "pipeline.dec2.de_wp.a25" was proven in 0.03 s.
0.Hp: A proof was found: No trace exists. [0.01 s]
INFO (IPF057): 0.Hp: The property "pipeline.dec2.de_wp.a26" was proven in 0.03 s.
0.Hp: A proof was found: No trace exists. [0.01 s]
INFO (IPF057): 0.Hp: The property "pipeline.dec2.de_wp.a27" was proven in 0.03 s.
0.Hp: A proof was found: No trace exists. [0.01 s]
INFO (IPF057): 0.Hp: The property "pipeline.dec2.de_wp.a28" was proven in 0.03 s.
0.Hp: A proof was found: No trace exists. [0.01 s]
INFO (IPF057): 0.Hp: The property "pipeline.dec2.de_wp.a30" was proven in 0.03 s.
0.Hp: A proof was found: No trace exists. [0.01 s]
INFO (IPF057): 0.Hp: The property "pipeline.dec2.de_wp.a31" was proven in 0.03 s.
0.Hp: A proof was found: No trace exists. [0.01 s]
INFO (IPF057): 0.Hp: The property "pipeline.dec2.de_wp.a32" was proven in 0.03 s.
0.Hp: A proof was found: No trace exists. [0.01 s]
INFO (IPF057): 0.Hp: The property "pipeline.dec2.de_wp.a33" was proven in 0.03 s.
0.Hp: Trace Attempt  1	[0.01 s]
0.Ht: Trace Attempt  2	[0.00 s]
0.Ht: A trace with 2 cycles was found. [0.00 s]
0.Ht: A trace with 2 cycles was found. [0.00 s]
0.Ht: A trace with 2 cycles was found. [0.00 s]
0.Ht: A trace with 2 cycles was found. [0.00 s]
0.Ht: A trace with 2 cycles was found. [0.00 s]
0.Ht: A trace with 2 cycles was found. [0.00 s]
0.Ht: A trace with 2 cycles was found. [0.00 s]
0.Ht: A trace with 2 cycles was found. [0.00 s]
0.Ht: A trace with 2 cycles was found. [0.00 s]
0.Ht: A trace with 2 cycles was found. [0.00 s]
0.Ht: A trace with 2 cycles was found. [0.00 s]
INFO (IPF047): 0.Ht: The cover property "pipeline.dec1.de_wp.a1:precondition1" was covered in 2 cycles in 0.02 s.
INFO (IPF047): 0.Ht: The cover property "pipeline.dec2.de_wp.a3:precondition1" was covered in 2 cycles in 0.02 s by the incidental trace "pipeline.dec1.de_wp.a1:precondition1".
INFO (IPF047): 0.Ht: The cover property "pipeline.dec2.de_wp.a33:precondition1" was covered in 2 cycles in 0.02 s by the incidental trace "pipeline.dec1.de_wp.a1:precondition1".
INFO (IPF047): 0.Ht: The cover property "pipeline.dec2.de_wp.a34" was covered in 2 cycles in 0.02 s by the incidental trace "pipeline.dec1.de_wp.a1:precondition1".
INFO (IPF047): 0.Ht: The cover property "pipeline.dec2.de_wp.a35" was covered in 2 cycles in 0.02 s by the incidental trace "pipeline.dec1.de_wp.a1:precondition1".
INFO (IPF047): 0.Ht: The cover property "pipeline.dec2.de_wp.a36" was covered in 2 cycles in 0.02 s by the incidental trace "pipeline.dec1.de_wp.a1:precondition1".
INFO (IPF047): 0.Ht: The cover property "pipeline.dec2.de_wp.a37" was covered in 2 cycles in 0.02 s by the incidental trace "pipeline.dec1.de_wp.a1:precondition1".
INFO (IPF047): 0.Ht: The cover property "pipeline.dec2.de_wp.a38" was covered in 2 cycles in 0.02 s by the incidental trace "pipeline.dec1.de_wp.a1:precondition1".
INFO (IPF047): 0.Ht: The cover property "pipeline.dec2.de_wp.a39" was covered in 2 cycles in 0.02 s by the incidental trace "pipeline.dec1.de_wp.a1:precondition1".
INFO (IPF047): 0.Ht: The cover property "pipeline.dec2.de_wp.a62" was covered in 2 cycles in 0.02 s by the incidental trace "pipeline.dec1.de_wp.a1:precondition1".
INFO (IPF047): 0.Ht: The cover property "pipeline.dec2.de_wp.a56" was covered in 2 cycles in 0.02 s by the incidental trace "pipeline.dec1.de_wp.a1:precondition1".
0.Ht: A trace with 2 cycles was found. [0.00 s]
INFO (IPF047): 0.Ht: The cover property "pipeline.dec1.de_wp.a2:precondition1" was covered in 2 cycles in 0.02 s.
0.Ht: A trace with 2 cycles was found. [0.00 s]
0.Ht: A trace with 2 cycles was found. [0.00 s]
0.Ht: A trace with 2 cycles was found. [0.00 s]
0.Ht: A trace with 2 cycles was found. [0.00 s]
0.Ht: A trace with 2 cycles was found. [0.00 s]
0.Ht: A trace with 2 cycles was found. [0.00 s]
0.Ht: A trace with 2 cycles was found. [0.00 s]
0.Ht: A trace with 2 cycles was found. [0.00 s]
0.Ht: A trace with 2 cycles was found. [0.00 s]
INFO (IPF047): 0.Ht: The cover property "pipeline.dec1.de_wp.a3:precondition1" was covered in 2 cycles in 0.03 s.
INFO (IPF047): 0.Ht: The cover property "pipeline.dec1.de_wp.a33:precondition1" was covered in 2 cycles in 0.03 s by the incidental trace "pipeline.dec1.de_wp.a3:precondition1".
INFO (IPF047): 0.Ht: The cover property "pipeline.dec1.de_wp.a34" was covered in 2 cycles in 0.03 s by the incidental trace "pipeline.dec1.de_wp.a3:precondition1".
INFO (IPF047): 0.Ht: The cover property "pipeline.dec1.de_wp.a35" was covered in 2 cycles in 0.03 s by the incidental trace "pipeline.dec1.de_wp.a3:precondition1".
INFO (IPF047): 0.Ht: The cover property "pipeline.dec1.de_wp.a36" was covered in 2 cycles in 0.03 s by the incidental trace "pipeline.dec1.de_wp.a3:precondition1".
INFO (IPF047): 0.Ht: The cover property "pipeline.dec1.de_wp.a37" was covered in 2 cycles in 0.03 s by the incidental trace "pipeline.dec1.de_wp.a3:precondition1".
INFO (IPF047): 0.Ht: The cover property "pipeline.dec1.de_wp.a38" was covered in 2 cycles in 0.03 s by the incidental trace "pipeline.dec1.de_wp.a3:precondition1".
INFO (IPF047): 0.Ht: The cover property "pipeline.dec1.de_wp.a39" was covered in 2 cycles in 0.03 s by the incidental trace "pipeline.dec1.de_wp.a3:precondition1".
INFO (IPF047): 0.Ht: The cover property "pipeline.dec1.de_wp.a54" was covered in 2 cycles in 0.03 s by the incidental trace "pipeline.dec1.de_wp.a3:precondition1".
0.Ht: A trace with 2 cycles was found. [0.00 s]
0.Ht: A trace with 2 cycles was found. [0.00 s]
0.Ht: A trace with 2 cycles was found. [0.00 s]
0.Ht: A trace with 2 cycles was found. [0.00 s]
0.Ht: A trace with 2 cycles was found. [0.00 s]
0.Ht: A trace with 2 cycles was found. [0.00 s]
INFO (IPF047): 0.Ht: The cover property "pipeline.dec1.de_wp.a4:precondition1" was covered in 2 cycles in 0.03 s.
INFO (IPF047): 0.Ht: The cover property "pipeline.dec1.de_wp.a10:precondition1" was covered in 2 cycles in 0.03 s by the incidental trace "pipeline.dec1.de_wp.a4:precondition1".
INFO (IPF047): 0.Ht: The cover property "pipeline.dec1.de_wp.a14:precondition1" was covered in 2 cycles in 0.03 s by the incidental trace "pipeline.dec1.de_wp.a4:precondition1".
INFO (IPF047): 0.Ht: The cover property "pipeline.dec1.de_wp.a23:precondition1" was covered in 2 cycles in 0.03 s by the incidental trace "pipeline.dec1.de_wp.a4:precondition1".
INFO (IPF047): 0.Ht: The cover property "pipeline.dec1.de_wp.a29:precondition1" was covered in 2 cycles in 0.03 s by the incidental trace "pipeline.dec1.de_wp.a4:precondition1".
INFO (IPF047): 0.Ht: The cover property "pipeline.dec1.de_wp.a30:precondition1" was covered in 2 cycles in 0.03 s by the incidental trace "pipeline.dec1.de_wp.a4:precondition1".
0.Ht: A trace with 2 cycles was found. [0.00 s]
INFO (IPF047): 0.Ht: The cover property "pipeline.dec1.de_wp.a5:precondition1" was covered in 2 cycles in 0.03 s.
0.Ht: A trace with 2 cycles was found. [0.00 s]
INFO (IPF047): 0.Ht: The cover property "pipeline.dec1.de_wp.a6:precondition1" was covered in 2 cycles in 0.03 s.
0.Ht: A trace with 2 cycles was found. [0.00 s]
0.Ht: A trace with 2 cycles was found. [0.00 s]
0.Ht: A trace with 2 cycles was found. [0.00 s]
INFO (IPF047): 0.Ht: The cover property "pipeline.dec1.de_wp.a7:precondition1" was covered in 2 cycles in 0.03 s.
INFO (IPF047): 0.Ht: The cover property "pipeline.dec1.de_wp.a11:precondition1" was covered in 2 cycles in 0.03 s by the incidental trace "pipeline.dec1.de_wp.a7:precondition1".
INFO (IPF047): 0.Ht: The cover property "pipeline.dec1.de_wp.a20:precondition1" was covered in 2 cycles in 0.03 s by the incidental trace "pipeline.dec1.de_wp.a7:precondition1".
0.Ht: A trace with 2 cycles was found. [0.00 s]
0.Ht: A trace with 2 cycles was found. [0.00 s]
0.Ht: A trace with 2 cycles was found. [0.00 s]
INFO (IPF047): 0.Ht: The cover property "pipeline.dec1.de_wp.a8:precondition1" was covered in 2 cycles in 0.03 s.
INFO (IPF047): 0.Ht: The cover property "pipeline.dec1.de_wp.a12:precondition1" was covered in 2 cycles in 0.03 s by the incidental trace "pipeline.dec1.de_wp.a8:precondition1".
INFO (IPF047): 0.Ht: The cover property "pipeline.dec1.de_wp.a21:precondition1" was covered in 2 cycles in 0.03 s by the incidental trace "pipeline.dec1.de_wp.a8:precondition1".
0.Ht: A trace with 2 cycles was found. [0.00 s]
0.Ht: A trace with 2 cycles was found. [0.00 s]
0.Ht: A trace with 2 cycles was found. [0.00 s]
INFO (IPF047): 0.Ht: The cover property "pipeline.dec1.de_wp.a9:precondition1" was covered in 2 cycles in 0.03 s.
INFO (IPF047): 0.Ht: The cover property "pipeline.dec1.de_wp.a13:precondition1" was covered in 2 cycles in 0.03 s by the incidental trace "pipeline.dec1.de_wp.a9:precondition1".
INFO (IPF047): 0.Ht: The cover property "pipeline.dec1.de_wp.a31:precondition1" was covered in 2 cycles in 0.03 s by the incidental trace "pipeline.dec1.de_wp.a9:precondition1".
0.Ht: A trace with 2 cycles was found. [0.00 s]
INFO (IPF047): 0.Ht: The cover property "pipeline.dec1.de_wp.a15:precondition1" was covered in 2 cycles in 0.03 s.
0.Ht: A trace with 2 cycles was found. [0.00 s]
0.Ht: A trace with 2 cycles was found. [0.00 s]
INFO (IPF047): 0.Ht: The cover property "pipeline.dec1.de_wp.a16:precondition1" was covered in 2 cycles in 0.03 s.
INFO (IPF047): 0.Ht: The cover property "pipeline.dec1.de_wp.a25:precondition1" was covered in 2 cycles in 0.03 s by the incidental trace "pipeline.dec1.de_wp.a16:precondition1".
0.Ht: A trace with 2 cycles was found. [0.00 s]
INFO (IPF047): 0.Ht: The cover property "pipeline.dec1.de_wp.a17:precondition1" was covered in 2 cycles in 0.03 s.
0.Ht: A trace with 2 cycles was found. [0.00 s]
INFO (IPF047): 0.Ht: The cover property "pipeline.dec1.de_wp.a18:precondition1" was covered in 2 cycles in 0.03 s.
0.Ht: A trace with 2 cycles was found. [0.01 s]
INFO (IPF047): 0.Ht: The cover property "pipeline.dec1.de_wp.a19:precondition1" was covered in 2 cycles in 0.03 s.
0.Ht: A trace with 2 cycles was found. [0.01 s]
INFO (IPF047): 0.Ht: The cover property "pipeline.dec1.de_wp.a22:precondition1" was covered in 2 cycles in 0.03 s.
0.Ht: A trace with 2 cycles was found. [0.01 s]
INFO (IPF047): 0.Ht: The cover property "pipeline.dec1.de_wp.a24:precondition1" was covered in 2 cycles in 0.03 s.
0.Ht: A trace with 2 cycles was found. [0.01 s]
INFO (IPF047): 0.Ht: The cover property "pipeline.dec1.de_wp.a26:precondition1" was covered in 2 cycles in 0.04 s.
0.Ht: A trace with 2 cycles was found. [0.01 s]
INFO (IPF047): 0.Ht: The cover property "pipeline.dec1.de_wp.a27:precondition1" was covered in 2 cycles in 0.04 s.
0.Ht: A trace with 2 cycles was found. [0.01 s]
INFO (IPF047): 0.Ht: The cover property "pipeline.dec1.de_wp.a28:precondition1" was covered in 2 cycles in 0.04 s.
0.Ht: A trace with 2 cycles was found. [0.01 s]
INFO (IPF047): 0.Ht: The cover property "pipeline.dec1.de_wp.a32:precondition1" was covered in 2 cycles in 0.04 s.
0.Ht: A trace with 2 cycles was found. [0.01 s]
0.Ht: A trace with 2 cycles was found. [0.01 s]
INFO (IPF047): 0.Ht: The cover property "pipeline.dec1.de_wp.a40" was covered in 2 cycles in 0.04 s.
INFO (IPF047): 0.Ht: The cover property "pipeline.dec1.de_wp.a51" was covered in 2 cycles in 0.04 s by the incidental trace "pipeline.dec1.de_wp.a40".
0.Ht: A trace with 2 cycles was found. [0.01 s]
0.Ht: A trace with 2 cycles was found. [0.01 s]
INFO (IPF047): 0.Ht: The cover property "pipeline.dec1.de_wp.a60" was covered in 2 cycles in 0.04 s.
INFO (IPF047): 0.Ht: The cover property "pipeline.dec1.de_wp.a52" was covered in 2 cycles in 0.04 s by the incidental trace "pipeline.dec1.de_wp.a60".
0.Ht: A trace with 2 cycles was found. [0.01 s]
0.Ht: A trace with 2 cycles was found. [0.01 s]
INFO (IPF047): 0.Ht: The cover property "pipeline.dec1.de_wp.a61" was covered in 2 cycles in 0.04 s.
INFO (IPF047): 0.Ht: The cover property "pipeline.dec1.de_wp.a55" was covered in 2 cycles in 0.04 s by the incidental trace "pipeline.dec1.de_wp.a61".
0.Ht: A trace with 2 cycles was found. [0.01 s]
0.Ht: A trace with 2 cycles was found. [0.01 s]
INFO (IPF047): 0.Ht: The cover property "pipeline.dec1.de_wp.a62" was covered in 2 cycles in 0.04 s.
INFO (IPF047): 0.Ht: The cover property "pipeline.dec1.de_wp.a56" was covered in 2 cycles in 0.04 s by the incidental trace "pipeline.dec1.de_wp.a62".
0.Ht: A trace with 2 cycles was found. [0.01 s]
0.Ht: A trace with 2 cycles was found. [0.01 s]
INFO (IPF047): 0.Ht: The cover property "pipeline.dec1.de_wp.a63" was covered in 2 cycles in 0.04 s.
INFO (IPF047): 0.Ht: The cover property "pipeline.dec1.de_wp.a57" was covered in 2 cycles in 0.04 s by the incidental trace "pipeline.dec1.de_wp.a63".
0.Ht: A trace with 2 cycles was found. [0.01 s]
0.Ht: A trace with 2 cycles was found. [0.01 s]
INFO (IPF047): 0.Ht: The cover property "pipeline.dec1.de_wp.a64" was covered in 2 cycles in 0.04 s.
INFO (IPF047): 0.Ht: The cover property "pipeline.dec1.de_wp.a58" was covered in 2 cycles in 0.04 s by the incidental trace "pipeline.dec1.de_wp.a64".
0.Ht: A trace with 2 cycles was found. [0.01 s]
INFO (IPF047): 0.Ht: The cover property "pipeline.dec1.de_wp.a41" was covered in 2 cycles in 0.04 s.
0.Ht: A trace with 2 cycles was found. [0.01 s]
INFO (IPF047): 0.Ht: The cover property "pipeline.dec1.de_wp.a42" was covered in 2 cycles in 0.04 s.
0.Ht: A trace with 2 cycles was found. [0.01 s]
INFO (IPF047): 0.Ht: The cover property "pipeline.dec1.de_wp.a43" was covered in 2 cycles in 0.04 s.
0.Ht: A trace with 2 cycles was found. [0.01 s]
INFO (IPF047): 0.Ht: The cover property "pipeline.dec1.de_wp.a44" was covered in 2 cycles in 0.04 s.
0.Ht: A trace with 2 cycles was found. [0.01 s]
INFO (IPF047): 0.Ht: The cover property "pipeline.dec1.de_wp.a45" was covered in 2 cycles in 0.04 s.
0.Ht: A trace with 2 cycles was found. [0.01 s]
INFO (IPF047): 0.Ht: The cover property "pipeline.dec1.de_wp.a46" was covered in 2 cycles in 0.04 s.
0.Ht: A trace with 2 cycles was found. [0.01 s]
INFO (IPF047): 0.Ht: The cover property "pipeline.dec1.de_wp.a47" was covered in 2 cycles in 0.04 s.
0.Ht: A trace with 2 cycles was found. [0.01 s]
INFO (IPF047): 0.Ht: The cover property "pipeline.dec1.de_wp.a48" was covered in 2 cycles in 0.05 s.
0.Ht: A trace with 2 cycles was found. [0.01 s]
INFO (IPF047): 0.Ht: The cover property "pipeline.dec1.de_wp.a49" was covered in 2 cycles in 0.05 s.
0.Ht: A trace with 2 cycles was found. [0.01 s]
INFO (IPF047): 0.Ht: The cover property "pipeline.dec1.de_wp.a50" was covered in 2 cycles in 0.05 s.
0.Ht: A trace with 2 cycles was found. [0.01 s]
INFO (IPF047): 0.Ht: The cover property "pipeline.dec1.de_wp.a53" was covered in 2 cycles in 0.05 s.
0.Ht: A trace with 2 cycles was found. [0.01 s]
INFO (IPF047): 0.Ht: The cover property "pipeline.dec2.de_wp.a1:precondition1" was covered in 2 cycles in 0.05 s.
0.Ht: A trace with 2 cycles was found. [0.01 s]
INFO (IPF047): 0.Ht: The cover property "pipeline.dec2.de_wp.a2:precondition1" was covered in 2 cycles in 0.05 s.
0.Ht: A trace with 2 cycles was found. [0.01 s]
0.Ht: A trace with 2 cycles was found. [0.01 s]
0.Ht: A trace with 2 cycles was found. [0.01 s]
0.Ht: A trace with 2 cycles was found. [0.01 s]
0.Ht: A trace with 2 cycles was found. [0.01 s]
INFO (IPF047): 0.Ht: The cover property "pipeline.dec2.de_wp.a4:precondition1" was covered in 2 cycles in 0.05 s.
INFO (IPF047): 0.Ht: The cover property "pipeline.dec2.de_wp.a7:precondition1" was covered in 2 cycles in 0.05 s by the incidental trace "pipeline.dec2.de_wp.a4:precondition1".
INFO (IPF047): 0.Ht: The cover property "pipeline.dec2.de_wp.a11:precondition1" was covered in 2 cycles in 0.05 s by the incidental trace "pipeline.dec2.de_wp.a4:precondition1".
INFO (IPF047): 0.Ht: The cover property "pipeline.dec2.de_wp.a29:precondition1" was covered in 2 cycles in 0.05 s by the incidental trace "pipeline.dec2.de_wp.a4:precondition1".
INFO (IPF047): 0.Ht: The cover property "pipeline.dec2.de_wp.a31:precondition1" was covered in 2 cycles in 0.05 s by the incidental trace "pipeline.dec2.de_wp.a4:precondition1".
0.Ht: A trace with 2 cycles was found. [0.01 s]
INFO (IPF047): 0.Ht: The cover property "pipeline.dec2.de_wp.a5:precondition1" was covered in 2 cycles in 0.05 s.
0.Ht: A trace with 2 cycles was found. [0.01 s]
INFO (IPF047): 0.Ht: The cover property "pipeline.dec2.de_wp.a6:precondition1" was covered in 2 cycles in 0.05 s.
0.Ht: A trace with 2 cycles was found. [0.01 s]
0.Ht: A trace with 2 cycles was found. [0.01 s]
INFO (IPF047): 0.Ht: The cover property "pipeline.dec2.de_wp.a8:precondition1" was covered in 2 cycles in 0.05 s.
INFO (IPF047): 0.Ht: The cover property "pipeline.dec2.de_wp.a12:precondition1" was covered in 2 cycles in 0.05 s by the incidental trace "pipeline.dec2.de_wp.a8:precondition1".
0.Ht: A trace with 2 cycles was found. [0.01 s]
0.Ht: A trace with 2 cycles was found. [0.01 s]
INFO (IPF047): 0.Ht: The cover property "pipeline.dec2.de_wp.a9:precondition1" was covered in 2 cycles in 0.05 s.
INFO (IPF047): 0.Ht: The cover property "pipeline.dec2.de_wp.a13:precondition1" was covered in 2 cycles in 0.05 s by the incidental trace "pipeline.dec2.de_wp.a9:precondition1".
0.Ht: A trace with 2 cycles was found. [0.01 s]
0.Ht: A trace with 2 cycles was found. [0.01 s]
INFO (IPF047): 0.Ht: The cover property "pipeline.dec2.de_wp.a10:precondition1" was covered in 2 cycles in 0.05 s.
INFO (IPF047): 0.Ht: The cover property "pipeline.dec2.de_wp.a14:precondition1" was covered in 2 cycles in 0.05 s by the incidental trace "pipeline.dec2.de_wp.a10:precondition1".
0.Ht: A trace with 2 cycles was found. [0.01 s]
INFO (IPF047): 0.Ht: The cover property "pipeline.dec2.de_wp.a15:precondition1" was covered in 2 cycles in 0.05 s.
0.Ht: A trace with 2 cycles was found. [0.01 s]
0.Ht: A trace with 2 cycles was found. [0.01 s]
0.Ht: A trace with 2 cycles was found. [0.01 s]
INFO (IPF047): 0.Ht: The cover property "pipeline.dec2.de_wp.a16:precondition1" was covered in 2 cycles in 0.05 s.
INFO (IPF047): 0.Ht: The cover property "pipeline.dec2.de_wp.a25:precondition1" was covered in 2 cycles in 0.05 s by the incidental trace "pipeline.dec2.de_wp.a16:precondition1".
INFO (IPF047): 0.Ht: The cover property "pipeline.dec2.de_wp.a30:precondition1" was covered in 2 cycles in 0.05 s by the incidental trace "pipeline.dec2.de_wp.a16:precondition1".
0.Ht: A trace with 2 cycles was found. [0.01 s]
INFO (IPF047): 0.Ht: The cover property "pipeline.dec2.de_wp.a17:precondition1" was covered in 2 cycles in 0.05 s.
0.Ht: A trace with 2 cycles was found. [0.01 s]
INFO (IPF047): 0.Ht: The cover property "pipeline.dec2.de_wp.a18:precondition1" was covered in 2 cycles in 0.05 s.
0.Ht: A trace with 2 cycles was found. [0.01 s]
INFO (IPF047): 0.Ht: The cover property "pipeline.dec2.de_wp.a19:precondition1" was covered in 2 cycles in 0.06 s.
0.Ht: A trace with 2 cycles was found. [0.01 s]
INFO (IPF047): 0.Ht: The cover property "pipeline.dec2.de_wp.a20:precondition1" was covered in 2 cycles in 0.06 s.
0.Ht: A trace with 2 cycles was found. [0.01 s]
INFO (IPF047): 0.Ht: The cover property "pipeline.dec2.de_wp.a21:precondition1" was covered in 2 cycles in 0.06 s.
0.Ht: A trace with 2 cycles was found. [0.01 s]
INFO (IPF047): 0.Ht: The cover property "pipeline.dec2.de_wp.a22:precondition1" was covered in 2 cycles in 0.06 s.
0.Ht: A trace with 2 cycles was found. [0.01 s]
INFO (IPF047): 0.Ht: The cover property "pipeline.dec2.de_wp.a23:precondition1" was covered in 2 cycles in 0.06 s.
0.Ht: A trace with 2 cycles was found. [0.01 s]
INFO (IPF047): 0.Ht: The cover property "pipeline.dec2.de_wp.a24:precondition1" was covered in 2 cycles in 0.06 s.
0.Ht: A trace with 2 cycles was found. [0.01 s]
INFO (IPF047): 0.Ht: The cover property "pipeline.dec2.de_wp.a26:precondition1" was covered in 2 cycles in 0.06 s.
0.Ht: A trace with 2 cycles was found. [0.01 s]
INFO (IPF047): 0.Ht: The cover property "pipeline.dec2.de_wp.a27:precondition1" was covered in 2 cycles in 0.06 s.
0.Ht: A trace with 2 cycles was found. [0.01 s]
INFO (IPF047): 0.Ht: The cover property "pipeline.dec2.de_wp.a28:precondition1" was covered in 2 cycles in 0.06 s.
0.Ht: A trace with 2 cycles was found. [0.01 s]
INFO (IPF047): 0.Ht: The cover property "pipeline.dec2.de_wp.a32:precondition1" was covered in 2 cycles in 0.06 s.
0.Ht: A trace with 2 cycles was found. [0.01 s]
0.Ht: A trace with 2 cycles was found. [0.01 s]
INFO (IPF047): 0.Ht: The cover property "pipeline.dec2.de_wp.a40" was covered in 2 cycles in 0.06 s.
INFO (IPF047): 0.Ht: The cover property "pipeline.dec2.de_wp.a51" was covered in 2 cycles in 0.06 s by the incidental trace "pipeline.dec2.de_wp.a40".
0.Ht: A trace with 2 cycles was found. [0.01 s]
0.Ht: A trace with 2 cycles was found. [0.01 s]
INFO (IPF047): 0.Ht: The cover property "pipeline.dec2.de_wp.a60" was covered in 2 cycles in 0.06 s.
INFO (IPF047): 0.Ht: The cover property "pipeline.dec2.de_wp.a52" was covered in 2 cycles in 0.06 s by the incidental trace "pipeline.dec2.de_wp.a60".
0.Ht: A trace with 2 cycles was found. [0.01 s]
0.Ht: A trace with 2 cycles was found. [0.01 s]
INFO (IPF047): 0.Ht: The cover property "pipeline.dec2.de_wp.a61" was covered in 2 cycles in 0.06 s.
INFO (IPF047): 0.Ht: The cover property "pipeline.dec2.de_wp.a55" was covered in 2 cycles in 0.06 s by the incidental trace "pipeline.dec2.de_wp.a61".
0.Ht: A trace with 2 cycles was found. [0.01 s]
0.Ht: A trace with 2 cycles was found. [0.01 s]
INFO (IPF047): 0.Ht: The cover property "pipeline.dec2.de_wp.a63" was covered in 2 cycles in 0.06 s.
INFO (IPF047): 0.Ht: The cover property "pipeline.dec2.de_wp.a57" was covered in 2 cycles in 0.06 s by the incidental trace "pipeline.dec2.de_wp.a63".
0.Ht: A trace with 2 cycles was found. [0.01 s]
0.Ht: A trace with 2 cycles was found. [0.01 s]
INFO (IPF047): 0.Ht: The cover property "pipeline.dec2.de_wp.a64" was covered in 2 cycles in 0.06 s.
INFO (IPF047): 0.Ht: The cover property "pipeline.dec2.de_wp.a58" was covered in 2 cycles in 0.06 s by the incidental trace "pipeline.dec2.de_wp.a64".
0.Ht: A trace with 2 cycles was found. [0.01 s]
INFO (IPF047): 0.Ht: The cover property "pipeline.dec2.de_wp.a41" was covered in 2 cycles in 0.06 s.
0.Ht: A trace with 2 cycles was found. [0.01 s]
INFO (IPF047): 0.Ht: The cover property "pipeline.dec2.de_wp.a42" was covered in 2 cycles in 0.06 s.
0.Ht: A trace with 2 cycles was found. [0.01 s]
INFO (IPF047): 0.Ht: The cover property "pipeline.dec2.de_wp.a43" was covered in 2 cycles in 0.06 s.
0.Ht: A trace with 2 cycles was found. [0.01 s]
INFO (IPF047): 0.Ht: The cover property "pipeline.dec2.de_wp.a44" was covered in 2 cycles in 0.07 s.
0.Ht: A trace with 2 cycles was found. [0.01 s]
INFO (IPF047): 0.Ht: The cover property "pipeline.dec2.de_wp.a45" was covered in 2 cycles in 0.07 s.
0.Ht: A trace with 2 cycles was found. [0.01 s]
INFO (IPF047): 0.Ht: The cover property "pipeline.dec2.de_wp.a46" was covered in 2 cycles in 0.07 s.
0.Ht: A trace with 2 cycles was found. [0.01 s]
INFO (IPF047): 0.Ht: The cover property "pipeline.dec2.de_wp.a47" was covered in 2 cycles in 0.07 s.
0.Ht: A trace with 2 cycles was found. [0.01 s]
INFO (IPF047): 0.Ht: The cover property "pipeline.dec2.de_wp.a48" was covered in 2 cycles in 0.07 s.
0.Ht: A trace with 2 cycles was found. [0.01 s]
INFO (IPF047): 0.Ht: The cover property "pipeline.dec2.de_wp.a49" was covered in 2 cycles in 0.07 s.
0.Ht: A trace with 2 cycles was found. [0.01 s]
INFO (IPF047): 0.Ht: The cover property "pipeline.dec2.de_wp.a50" was covered in 2 cycles in 0.07 s.
0.Ht: A trace with 2 cycles was found. [0.01 s]
INFO (IPF047): 0.Ht: The cover property "pipeline.dec2.de_wp.a53" was covered in 2 cycles in 0.07 s.
0.Ht: A trace with 2 cycles was found. [0.01 s]
INFO (IPF047): 0.Ht: The cover property "pipeline.dec2.de_wp.a54" was covered in 2 cycles in 0.07 s.
0.Ht: Trace Attempt  3	[0.01 s]
0.N: clocks: 1, declared: 1, disabling: 0, posedge: 1, negedge: 0, noedge: 0, bothedge: 0
0.N: Next scan (0) will use per property time limit: 1s * 10 ^ 0 = 1s
0.N: Cluster is entering permanent allocation mode.
0.N: Starting proof for property "pipeline.dec1.de_wp.a1:precondition1"	[0.00 s].
0.N: Trace Attempt  1	[0.00 s]
0.N: Trace Attempt  1	[0.00 s]
0.N: Trace Attempt  2	[0.00 s]
0.N: Trace Attempt  2	[0.00 s]
0.N: Starting proof for property "pipeline.dec1.de_wp.a2:precondition1"	[0.00 s].
0.N: Trace Attempt  1	[0.00 s]
0.N: Trace Attempt  1	[0.00 s]
0.N: Trace Attempt  2	[0.00 s]
0.N: Trace Attempt  2	[0.00 s]
0.N: Starting proof for property "pipeline.dec1.de_wp.a3:precondition1"	[0.00 s].
0.N: Trace Attempt  1	[0.00 s]
0.N: Trace Attempt  1	[0.00 s]
0.N: Trace Attempt  2	[0.00 s]
0.N: Trace Attempt  2	[0.00 s]
0.N: Starting proof for property "pipeline.dec1.de_wp.a4:precondition1"	[0.00 s].
0.N: Trace Attempt  1	[0.00 s]
0.N: Trace Attempt  1	[0.00 s]
0.N: Trace Attempt  2	[0.00 s]
0.N: Trace Attempt  2	[0.00 s]
0.N: Starting proof for property "pipeline.dec1.de_wp.a5:precondition1"	[0.00 s].
0.N: Trace Attempt  1	[0.00 s]
0.N: Trace Attempt  1	[0.00 s]
0.N: Trace Attempt  2	[0.00 s]
0.N: Trace Attempt  2	[0.00 s]
0.N: Starting proof for property "pipeline.dec1.de_wp.a6:precondition1"	[0.00 s].
0.N: Trace Attempt  1	[0.00 s]
0.N: Trace Attempt  1	[0.00 s]
0.N: Trace Attempt  2	[0.00 s]
0.N: Trace Attempt  2	[0.00 s]
0.N: Starting proof for property "pipeline.dec1.de_wp.a8:precondition1"	[0.00 s].
0.N: Trace Attempt  1	[0.00 s]
0.N: Trace Attempt  1	[0.00 s]
0.N: Trace Attempt  2	[0.00 s]
0.N: Trace Attempt  2	[0.00 s]
0.N: Starting proof for property "pipeline.dec1.de_wp.a9:precondition1"	[0.00 s].
0.N: Trace Attempt  1	[0.00 s]
0.N: Trace Attempt  1	[0.00 s]
0.N: Trace Attempt  2	[0.00 s]
0.N: Trace Attempt  2	[0.00 s]
0.N: Starting proof for property "pipeline.dec1.de_wp.a10:precondition1"	[0.00 s].
0.N: Trace Attempt  1	[0.00 s]
0.N: Trace Attempt  1	[0.00 s]
0.N: Trace Attempt  2	[0.00 s]
0.N: Trace Attempt  2	[0.00 s]
0.N: Starting proof for property "pipeline.dec1.de_wp.a15:precondition1"	[0.00 s].
0.N: Trace Attempt  1	[0.00 s]
0.N: Trace Attempt  1	[0.00 s]
0.N: Trace Attempt  2	[0.00 s]
0.N: Trace Attempt  2	[0.00 s]
0.N: Starting proof for property "pipeline.dec1.de_wp.a16:precondition1"	[0.00 s].
0.N: Trace Attempt  1	[0.00 s]
0.N: Trace Attempt  1	[0.00 s]
0.N: Trace Attempt  2	[0.00 s]
0.N: Trace Attempt  2	[0.00 s]
0.N: Starting proof for property "pipeline.dec1.de_wp.a17:precondition1"	[0.00 s].
0.N: Trace Attempt  1	[0.00 s]
0.N: Trace Attempt  1	[0.00 s]
0.N: Trace Attempt  2	[0.00 s]
0.N: Trace Attempt  2	[0.00 s]
0.N: Starting proof for property "pipeline.dec1.de_wp.a18:precondition1"	[0.00 s].
0.N: Trace Attempt  1	[0.00 s]
0.N: Trace Attempt  1	[0.00 s]
0.N: Trace Attempt  2	[0.00 s]
0.N: Trace Attempt  2	[0.00 s]
0.N: Starting proof for property "pipeline.dec1.de_wp.a20:precondition1"	[0.00 s].
0.N: Trace Attempt  1	[0.00 s]
0.N: Trace Attempt  1	[0.00 s]
0.N: Trace Attempt  2	[0.00 s]
0.N: Trace Attempt  2	[0.00 s]
0.N: Starting proof for property "pipeline.dec1.de_wp.a25:precondition1"	[0.00 s].
0.N: Trace Attempt  1	[0.00 s]
0.N: Trace Attempt  1	[0.00 s]
0.N: Trace Attempt  2	[0.00 s]
0.N: Trace Attempt  2	[0.00 s]
0.N: Starting proof for property "pipeline.dec1.de_wp.a31:precondition1"	[0.00 s].
0.N: Trace Attempt  1	[0.00 s]
0.N: Trace Attempt  1	[0.00 s]
0.N: Trace Attempt  2	[0.00 s]
0.N: Trace Attempt  2	[0.00 s]
0.N: Starting proof for property "pipeline.dec1.de_wp.a32:precondition1"	[0.00 s].
0.N: Trace Attempt  1	[0.00 s]
0.N: Trace Attempt  1	[0.00 s]
0.N: Trace Attempt  2	[0.00 s]
0.N: Trace Attempt  2	[0.00 s]
0.N: Starting proof for property "pipeline.dec1.de_wp.a60"	[0.00 s].
0.N: Trace Attempt  1	[0.00 s]
0.N: Trace Attempt  1	[0.00 s]
0.N: Trace Attempt  2	[0.00 s]
0.N: Trace Attempt  2	[0.00 s]
0.N: Starting proof for property "pipeline.dec1.de_wp.a61"	[0.00 s].
0.N: Trace Attempt  1	[0.00 s]
0.N: Trace Attempt  1	[0.00 s]
0.N: Trace Attempt  2	[0.00 s]
0.N: Trace Attempt  2	[0.00 s]
0.N: Starting proof for property "pipeline.dec1.de_wp.a62"	[0.00 s].
0.N: Trace Attempt  1	[0.00 s]
0.N: Trace Attempt  1	[0.00 s]
0.N: Trace Attempt  2	[0.00 s]
0.N: Trace Attempt  2	[0.00 s]
0.N: Starting proof for property "pipeline.dec1.de_wp.a63"	[0.00 s].
0.N: Trace Attempt  1	[0.00 s]
0.N: Trace Attempt  1	[0.00 s]
0.N: Trace Attempt  2	[0.00 s]
0.N: Trace Attempt  2	[0.00 s]
0.N: Starting proof for property "pipeline.dec1.de_wp.a64"	[0.00 s].
0.N: Trace Attempt  1	[0.00 s]
0.N: Trace Attempt  1	[0.00 s]
0.N: Trace Attempt  2	[0.00 s]
0.N: Trace Attempt  2	[0.00 s]
0.N: Starting proof for property "pipeline.dec1.de_wp.a41"	[0.00 s].
0.N: Trace Attempt  1	[0.00 s]
0.N: Trace Attempt  1	[0.00 s]
0.N: Trace Attempt  2	[0.00 s]
0.N: Trace Attempt  2	[0.00 s]
0.N: Starting proof for property "pipeline.dec1.de_wp.a44"	[0.00 s].
0.N: Trace Attempt  1	[0.00 s]
0.N: Trace Attempt  1	[0.00 s]
0.N: Trace Attempt  2	[0.00 s]
0.N: Trace Attempt  2	[0.00 s]
0.N: Starting proof for property "pipeline.dec1.de_wp.a45"	[0.00 s].
0.N: Trace Attempt  1	[0.00 s]
0.N: Trace Attempt  1	[0.00 s]
0.N: Trace Attempt  2	[0.00 s]
0.N: Trace Attempt  2	[0.00 s]
0.N: Starting proof for property "pipeline.dec1.de_wp.a47"	[0.00 s].
0.N: Trace Attempt  1	[0.00 s]
0.N: Trace Attempt  1	[0.00 s]
0.N: Trace Attempt  2	[0.00 s]
0.N: Trace Attempt  2	[0.00 s]
0.N: Starting proof for property "pipeline.dec1.de_wp.a51"	[0.00 s].
0.N: Trace Attempt  1	[0.00 s]
0.N: Trace Attempt  1	[0.00 s]
0.N: Trace Attempt  2	[0.00 s]
0.N: Trace Attempt  2	[0.00 s]
0.N: Starting proof for property "pipeline.dec1.de_wp.a52"	[0.00 s].
0.N: Trace Attempt  1	[0.00 s]
0.N: Trace Attempt  1	[0.00 s]
0.N: Trace Attempt  2	[0.00 s]
0.N: Trace Attempt  2	[0.00 s]
0.N: Starting proof for property "pipeline.dec1.de_wp.a53"	[0.00 s].
0.N: Trace Attempt  1	[0.00 s]
0.N: Trace Attempt  1	[0.00 s]
0.N: Trace Attempt  2	[0.00 s]
0.N: Trace Attempt  2	[0.00 s]
0.N: Starting proof for property "pipeline.dec1.de_wp.a55"	[0.00 s].
0.N: Trace Attempt  1	[0.00 s]
0.N: Trace Attempt  1	[0.00 s]
0.N: Trace Attempt  2	[0.00 s]
0.N: Trace Attempt  2	[0.00 s]
0.N: Starting proof for property "pipeline.dec1.de_wp.a56"	[0.00 s].
0.N: Trace Attempt  1	[0.00 s]
0.N: Trace Attempt  1	[0.00 s]
0.N: Trace Attempt  2	[0.00 s]
0.N: Trace Attempt  2	[0.00 s]
0.N: Starting proof for property "pipeline.dec1.de_wp.a57"	[0.00 s].
0.N: Trace Attempt  1	[0.00 s]
0.N: Trace Attempt  1	[0.00 s]
0.N: Trace Attempt  2	[0.00 s]
0.N: Trace Attempt  2	[0.00 s]
0.N: Starting proof for property "pipeline.dec1.de_wp.a58"	[0.00 s].
0.N: Trace Attempt  1	[0.00 s]
0.N: Trace Attempt  1	[0.00 s]
0.N: Trace Attempt  2	[0.00 s]
0.N: Trace Attempt  2	[0.00 s]
0.N: Starting proof for property "pipeline.dec2.de_wp.a1:precondition1"	[0.00 s].
0.N: Trace Attempt  1	[0.00 s]
0.N: Trace Attempt  1	[0.00 s]
0.N: Trace Attempt  2	[0.00 s]
0.N: Trace Attempt  2	[0.00 s]
0.N: Starting proof for property "pipeline.dec2.de_wp.a2:precondition1"	[0.00 s].
0.N: Trace Attempt  1	[0.00 s]
0.N: Trace Attempt  1	[0.00 s]
0.N: Trace Attempt  2	[0.00 s]
0.N: Trace Attempt  2	[0.00 s]
0.N: Starting proof for property "pipeline.dec2.de_wp.a4:precondition1"	[0.00 s].
0.N: Trace Attempt  1	[0.00 s]
0.N: Trace Attempt  1	[0.00 s]
0.N: Trace Attempt  2	[0.00 s]
0.N: Trace Attempt  2	[0.00 s]
0.N: Starting proof for property "pipeline.dec2.de_wp.a5:precondition1"	[0.00 s].
0.N: Trace Attempt  1	[0.00 s]
0.N: Trace Attempt  1	[0.00 s]
0.N: Trace Attempt  2	[0.00 s]
0.N: Trace Attempt  2	[0.00 s]
0.N: Starting proof for property "pipeline.dec2.de_wp.a6:precondition1"	[0.00 s].
0.N: Trace Attempt  1	[0.00 s]
0.N: Trace Attempt  1	[0.00 s]
0.N: Trace Attempt  2	[0.00 s]
0.N: Trace Attempt  2	[0.00 s]
0.N: Starting proof for property "pipeline.dec2.de_wp.a8:precondition1"	[0.00 s].
0.N: Trace Attempt  1	[0.00 s]
0.N: Trace Attempt  1	[0.00 s]
0.N: Trace Attempt  2	[0.00 s]
0.N: Trace Attempt  2	[0.00 s]
0.N: Starting proof for property "pipeline.dec2.de_wp.a9:precondition1"	[0.00 s].
0.N: Trace Attempt  1	[0.00 s]
0.N: Trace Attempt  1	[0.00 s]
0.N: Trace Attempt  2	[0.00 s]
0.N: Trace Attempt  2	[0.00 s]
0.N: Starting proof for property "pipeline.dec2.de_wp.a10:precondition1"	[0.00 s].
0.N: Trace Attempt  1	[0.00 s]
0.N: Trace Attempt  1	[0.00 s]
0.N: Trace Attempt  2	[0.00 s]
0.N: Trace Attempt  2	[0.00 s]
0.N: Starting proof for property "pipeline.dec2.de_wp.a15:precondition1"	[0.00 s].
0.N: Trace Attempt  1	[0.00 s]
0.N: Trace Attempt  1	[0.00 s]
0.N: Trace Attempt  2	[0.00 s]
0.N: Trace Attempt  2	[0.00 s]
0.N: Starting proof for property "pipeline.dec2.de_wp.a16:precondition1"	[0.00 s].
0.N: Trace Attempt  1	[0.00 s]
0.N: Trace Attempt  1	[0.00 s]
0.N: Trace Attempt  2	[0.00 s]
0.N: Trace Attempt  2	[0.00 s]
0.N: Starting proof for property "pipeline.dec2.de_wp.a17:precondition1"	[0.00 s].
0.N: Trace Attempt  1	[0.00 s]
0.N: Trace Attempt  1	[0.00 s]
0.N: Trace Attempt  2	[0.00 s]
0.N: Trace Attempt  2	[0.00 s]
0.N: Starting proof for property "pipeline.dec2.de_wp.a18:precondition1"	[0.00 s].
0.N: Trace Attempt  1	[0.00 s]
0.N: Trace Attempt  1	[0.00 s]
0.N: Trace Attempt  2	[0.00 s]
0.N: Trace Attempt  2	[0.00 s]
0.N: Starting proof for property "pipeline.dec2.de_wp.a20:precondition1"	[0.00 s].
0.N: Trace Attempt  1	[0.00 s]
0.N: Trace Attempt  1	[0.00 s]
0.N: Trace Attempt  2	[0.00 s]
0.N: Trace Attempt  2	[0.00 s]
0.N: Starting proof for property "pipeline.dec2.de_wp.a25:precondition1"	[0.00 s].
0.N: Trace Attempt  1	[0.00 s]
0.N: Trace Attempt  1	[0.00 s]
0.N: Trace Attempt  2	[0.00 s]
0.N: Trace Attempt  2	[0.00 s]
0.N: Starting proof for property "pipeline.dec2.de_wp.a32:precondition1"	[0.00 s].
0.N: Trace Attempt  1	[0.00 s]
0.N: Trace Attempt  1	[0.00 s]
0.N: Trace Attempt  2	[0.00 s]
0.N: Trace Attempt  2	[0.00 s]
0.N: Starting proof for property "pipeline.dec2.de_wp.a40"	[0.00 s].
0.N: Trace Attempt  1	[0.00 s]
0.N: Trace Attempt  1	[0.00 s]
0.N: Trace Attempt  2	[0.00 s]
0.N: Trace Attempt  2	[0.00 s]
0.N: Starting proof for property "pipeline.dec2.de_wp.a60"	[0.00 s].
0.N: Trace Attempt  1	[0.00 s]
0.N: Trace Attempt  1	[0.00 s]
0.N: Trace Attempt  2	[0.00 s]
0.N: Trace Attempt  2	[0.00 s]
0.N: Starting proof for property "pipeline.dec2.de_wp.a61"	[0.00 s].
0.N: Trace Attempt  1	[0.00 s]
0.N: Trace Attempt  1	[0.00 s]
0.N: Trace Attempt  2	[0.00 s]
0.N: Trace Attempt  2	[0.00 s]
0.N: Starting proof for property "pipeline.dec2.de_wp.a63"	[0.00 s].
0.N: Trace Attempt  1	[0.00 s]
0.N: Trace Attempt  1	[0.00 s]
0.N: Trace Attempt  2	[0.00 s]
0.N: Trace Attempt  2	[0.00 s]
0.N: Starting proof for property "pipeline.dec2.de_wp.a64"	[0.00 s].
0.N: Trace Attempt  1	[0.00 s]
0.N: Trace Attempt  1	[0.00 s]
0.N: Trace Attempt  2	[0.00 s]
0.N: Trace Attempt  2	[0.00 s]
0.N: Starting proof for property "pipeline.dec2.de_wp.a41"	[0.00 s].
0.N: Trace Attempt  1	[0.00 s]
0.N: Trace Attempt  1	[0.00 s]
0.N: Trace Attempt  2	[0.00 s]
0.N: Trace Attempt  2	[0.00 s]
0.N: Starting proof for property "pipeline.dec2.de_wp.a44"	[0.00 s].
0.N: Trace Attempt  1	[0.00 s]
0.N: Trace Attempt  1	[0.00 s]
0.N: Trace Attempt  2	[0.00 s]
0.N: Trace Attempt  2	[0.00 s]
0.N: Starting proof for property "pipeline.dec2.de_wp.a45"	[0.00 s].
0.N: Trace Attempt  1	[0.00 s]
0.N: Trace Attempt  1	[0.00 s]
0.N: Trace Attempt  2	[0.00 s]
0.N: Trace Attempt  2	[0.00 s]
0.N: Starting proof for property "pipeline.dec2.de_wp.a47"	[0.00 s].
0.N: Trace Attempt  1	[0.00 s]
0.N: Trace Attempt  1	[0.00 s]
0.N: Trace Attempt  2	[0.00 s]
0.N: Trace Attempt  2	[0.00 s]
0.N: Starting proof for property "pipeline.dec2.de_wp.a48"	[0.00 s].
0.N: Trace Attempt  1	[0.00 s]
0.N: Trace Attempt  1	[0.00 s]
0.N: Trace Attempt  2	[0.00 s]
0.N: Trace Attempt  2	[0.00 s]
0.N: Starting proof for property "pipeline.dec2.de_wp.a51"	[0.00 s].
0.N: Trace Attempt  1	[0.00 s]
0.N: Trace Attempt  1	[0.00 s]
0.N: Trace Attempt  2	[0.00 s]
0.N: Trace Attempt  2	[0.00 s]
0.N: Starting proof for property "pipeline.dec2.de_wp.a52"	[0.00 s].
0.N: Trace Attempt  1	[0.00 s]
0.N: Trace Attempt  1	[0.00 s]
0.N: Trace Attempt  2	[0.00 s]
0.N: Trace Attempt  2	[0.00 s]
0.N: Starting proof for property "pipeline.dec2.de_wp.a53"	[0.00 s].
0.N: Trace Attempt  1	[0.00 s]
0.N: Trace Attempt  1	[0.00 s]
0.N: Trace Attempt  2	[0.00 s]
0.N: Trace Attempt  2	[0.00 s]
0.N: Starting proof for property "pipeline.dec2.de_wp.a54"	[0.00 s].
0.N: Trace Attempt  1	[0.00 s]
0.N: Trace Attempt  1	[0.00 s]
0.N: Trace Attempt  2	[0.00 s]
0.N: Trace Attempt  2	[0.00 s]
0.N: Starting proof for property "pipeline.dec2.de_wp.a58"	[0.00 s].
0.N: Trace Attempt  1	[0.00 s]
0.N: Trace Attempt  1	[0.00 s]
0.N: Trace Attempt  2	[0.00 s]
0.N: All properties determined. [0.06 s]
Initiating shutdown of proof (@ 0.11 s)
0.B: clocks: 1, declared: 1, disabling: 0, posedge: 1, negedge: 0, noedge: 0, bothedge: 0
0.B: Next scan (0) will use per property time limit: 1s * 10 ^ 0 = 1s
0.B: Cluster is entering permanent allocation mode.
0.B: Starting proof for property "pipeline.dec1.de_wp.a1:precondition1"	[0.00 s].
0.B: Trace Attempt  1	[0.00 s]
0.B: Trace Attempt  2	[0.00 s]
0.B: Starting proof for property "pipeline.dec1.de_wp.a2:precondition1"	[0.00 s].
0.B: Trace Attempt  1	[0.00 s]
0.B: Trace Attempt  2	[0.00 s]
0.B: Starting proof for property "pipeline.dec1.de_wp.a3:precondition1"	[0.00 s].
0.B: Trace Attempt  1	[0.00 s]
0.B: Trace Attempt  2	[0.00 s]
0.B: Starting proof for property "pipeline.dec1.de_wp.a4:precondition1"	[0.00 s].
0.B: Trace Attempt  1	[0.00 s]
0.B: Trace Attempt  2	[0.00 s]
0.B: Starting proof for property "pipeline.dec1.de_wp.a5:precondition1"	[0.00 s].
0.B: Trace Attempt  1	[0.00 s]
0.B: Trace Attempt  2	[0.00 s]
0.B: Starting proof for property "pipeline.dec1.de_wp.a6:precondition1"	[0.00 s].
0.B: Trace Attempt  1	[0.00 s]
0.B: Trace Attempt  2	[0.00 s]
0.B: Starting proof for property "pipeline.dec1.de_wp.a8:precondition1"	[0.00 s].
0.B: Trace Attempt  1	[0.00 s]
0.B: Trace Attempt  2	[0.00 s]
0.B: Starting proof for property "pipeline.dec1.de_wp.a9:precondition1"	[0.00 s].
0.B: Trace Attempt  1	[0.00 s]
0.B: Trace Attempt  2	[0.00 s]
0.B: Starting proof for property "pipeline.dec1.de_wp.a10:precondition1"	[0.00 s].
0.B: Trace Attempt  1	[0.00 s]
0.B: Trace Attempt  2	[0.00 s]
0.B: Starting proof for property "pipeline.dec1.de_wp.a15:precondition1"	[0.00 s].
0.B: Trace Attempt  1	[0.00 s]
0.B: Trace Attempt  2	[0.00 s]
0.B: Starting proof for property "pipeline.dec1.de_wp.a16:precondition1"	[0.00 s].
0.B: Trace Attempt  1	[0.00 s]
0.B: Trace Attempt  2	[0.00 s]
0.B: Starting proof for property "pipeline.dec1.de_wp.a17:precondition1"	[0.00 s].
0.B: Trace Attempt  1	[0.00 s]
0.B: Trace Attempt  2	[0.00 s]
0.B: Starting proof for property "pipeline.dec1.de_wp.a18:precondition1"	[0.00 s].
0.B: Trace Attempt  1	[0.00 s]
0.B: Trace Attempt  2	[0.00 s]
0.B: Starting proof for property "pipeline.dec1.de_wp.a20:precondition1"	[0.00 s].
0.B: Trace Attempt  1	[0.00 s]
0.B: Trace Attempt  2	[0.00 s]
0.B: Starting proof for property "pipeline.dec1.de_wp.a25:precondition1"	[0.00 s].
0.B: Trace Attempt  1	[0.00 s]
0.B: Trace Attempt  2	[0.00 s]
0.B: Starting proof for property "pipeline.dec1.de_wp.a31:precondition1"	[0.00 s].
0.B: Trace Attempt  1	[0.00 s]
0.B: Trace Attempt  2	[0.00 s]
0.B: Starting proof for property "pipeline.dec1.de_wp.a32:precondition1"	[0.00 s].
0.B: Trace Attempt  1	[0.00 s]
0.B: Trace Attempt  2	[0.00 s]
0.B: Starting proof for property "pipeline.dec1.de_wp.a60"	[0.00 s].
0.B: Trace Attempt  1	[0.00 s]
0.B: Trace Attempt  2	[0.00 s]
0.B: Starting proof for property "pipeline.dec1.de_wp.a61"	[0.00 s].
0.B: Trace Attempt  1	[0.00 s]
0.B: Trace Attempt  2	[0.00 s]
0.B: Starting proof for property "pipeline.dec1.de_wp.a62"	[0.00 s].
0.B: Trace Attempt  1	[0.00 s]
0.B: Trace Attempt  2	[0.00 s]
0.B: Starting proof for property "pipeline.dec1.de_wp.a63"	[0.00 s].
0.B: Trace Attempt  1	[0.00 s]
0.B: Trace Attempt  2	[0.00 s]
0.B: Starting proof for property "pipeline.dec1.de_wp.a64"	[0.00 s].
0.B: Trace Attempt  1	[0.00 s]
0.B: Trace Attempt  2	[0.00 s]
0.B: Starting proof for property "pipeline.dec1.de_wp.a41"	[0.00 s].
0.B: Trace Attempt  1	[0.00 s]
0.B: Trace Attempt  2	[0.00 s]
0.B: Starting proof for property "pipeline.dec1.de_wp.a44"	[0.00 s].
0.B: Trace Attempt  1	[0.00 s]
0.B: Trace Attempt  2	[0.00 s]
0.B: Starting proof for property "pipeline.dec1.de_wp.a45"	[0.00 s].
0.B: Trace Attempt  1	[0.00 s]
0.B: Trace Attempt  2	[0.00 s]
0.B: Starting proof for property "pipeline.dec1.de_wp.a47"	[0.00 s].
0.B: Trace Attempt  1	[0.00 s]
0.B: Trace Attempt  2	[0.00 s]
0.B: Starting proof for property "pipeline.dec1.de_wp.a51"	[0.00 s].
0.B: Trace Attempt  1	[0.00 s]
0.B: Trace Attempt  2	[0.00 s]
0.B: Starting proof for property "pipeline.dec1.de_wp.a52"	[0.00 s].
0.B: Trace Attempt  1	[0.00 s]
0.B: Trace Attempt  2	[0.00 s]
0.B: Starting proof for property "pipeline.dec1.de_wp.a53"	[0.00 s].
0.B: Trace Attempt  1	[0.00 s]
0.B: Trace Attempt  2	[0.00 s]
0.B: Starting proof for property "pipeline.dec1.de_wp.a55"	[0.00 s].
0.B: Trace Attempt  1	[0.00 s]
0.B: Trace Attempt  2	[0.00 s]
0.B: Starting proof for property "pipeline.dec1.de_wp.a56"	[0.00 s].
0.B: Trace Attempt  1	[0.00 s]
0.B: Trace Attempt  2	[0.00 s]
0.B: Starting proof for property "pipeline.dec1.de_wp.a57"	[0.00 s].
0.B: Trace Attempt  1	[0.00 s]
0.B: Trace Attempt  2	[0.00 s]
0.B: Starting proof for property "pipeline.dec2.de_wp.a1:precondition1"	[0.00 s].
0.B: Trace Attempt  1	[0.00 s]
0.B: Trace Attempt  2	[0.00 s]
0.B: Starting proof for property "pipeline.dec2.de_wp.a2:precondition1"	[0.00 s].
0.B: Trace Attempt  1	[0.00 s]
0.B: Trace Attempt  2	[0.00 s]
0.B: Starting proof for property "pipeline.dec2.de_wp.a4:precondition1"	[0.00 s].
0.B: Trace Attempt  1	[0.00 s]
0.B: Trace Attempt  2	[0.00 s]
0.B: Starting proof for property "pipeline.dec2.de_wp.a5:precondition1"	[0.00 s].
0.B: Trace Attempt  1	[0.00 s]
0.B: Trace Attempt  2	[0.00 s]
0.B: Starting proof for property "pipeline.dec2.de_wp.a6:precondition1"	[0.00 s].
0.B: Trace Attempt  1	[0.00 s]
0.B: Trace Attempt  2	[0.00 s]
0.B: Starting proof for property "pipeline.dec2.de_wp.a8:precondition1"	[0.00 s].
0.B: Trace Attempt  1	[0.00 s]
0.B: Trace Attempt  2	[0.00 s]
0.B: Starting proof for property "pipeline.dec2.de_wp.a9:precondition1"	[0.00 s].
0.B: Trace Attempt  1	[0.00 s]
0.B: Trace Attempt  2	[0.00 s]
0.B: Starting proof for property "pipeline.dec2.de_wp.a10:precondition1"	[0.00 s].
0.B: Trace Attempt  1	[0.00 s]
0.B: Trace Attempt  2	[0.00 s]
0.B: Starting proof for property "pipeline.dec2.de_wp.a15:precondition1"	[0.00 s].
0.B: Trace Attempt  1	[0.00 s]
0.B: Trace Attempt  2	[0.00 s]
0.B: Starting proof for property "pipeline.dec2.de_wp.a16:precondition1"	[0.00 s].
0.B: Trace Attempt  1	[0.00 s]
0.B: Trace Attempt  2	[0.00 s]
0.B: Starting proof for property "pipeline.dec2.de_wp.a17:precondition1"	[0.00 s].
0.B: Trace Attempt  1	[0.00 s]
0.B: Trace Attempt  2	[0.00 s]
0.B: Starting proof for property "pipeline.dec2.de_wp.a18:precondition1"	[0.00 s].
0.B: Trace Attempt  1	[0.00 s]
0.B: Trace Attempt  2	[0.00 s]
0.B: Starting proof for property "pipeline.dec2.de_wp.a20:precondition1"	[0.00 s].
0.B: Trace Attempt  1	[0.00 s]
0.B: Trace Attempt  2	[0.00 s]
0.B: Starting proof for property "pipeline.dec2.de_wp.a25:precondition1"	[0.00 s].
0.B: Trace Attempt  1	[0.00 s]
0.B: Trace Attempt  2	[0.00 s]
0.B: Starting proof for property "pipeline.dec2.de_wp.a32:precondition1"	[0.00 s].
0.B: Trace Attempt  1	[0.00 s]
0.B: Trace Attempt  2	[0.00 s]
0.B: Starting proof for property "pipeline.dec2.de_wp.a40"	[0.00 s].
0.B: Trace Attempt  1	[0.00 s]
0.B: Trace Attempt  2	[0.00 s]
0.B: Starting proof for property "pipeline.dec2.de_wp.a60"	[0.00 s].
0.B: Trace Attempt  1	[0.00 s]
0.B: Trace Attempt  2	[0.00 s]
0.B: Starting proof for property "pipeline.dec2.de_wp.a61"	[0.00 s].
0.B: Trace Attempt  1	[0.00 s]
0.B: Trace Attempt  2	[0.00 s]
0.B: Starting proof for property "pipeline.dec2.de_wp.a63"	[0.00 s].
0.B: Trace Attempt  1	[0.00 s]
0.B: Trace Attempt  2	[0.00 s]
0.B: Starting proof for property "pipeline.dec2.de_wp.a64"	[0.00 s].
0.B: Trace Attempt  1	[0.00 s]
0.B: Trace Attempt  2	[0.00 s]
0.B: Starting proof for property "pipeline.dec2.de_wp.a41"	[0.00 s].
0.B: Trace Attempt  1	[0.00 s]
0.B: Trace Attempt  2	[0.00 s]
0.B: Starting proof for property "pipeline.dec2.de_wp.a44"	[0.00 s].
0.B: Trace Attempt  1	[0.00 s]
0.B: Trace Attempt  2	[0.00 s]
0.B: Starting proof for property "pipeline.dec2.de_wp.a45"	[0.00 s].
0.B: Trace Attempt  1	[0.00 s]
0.B: Trace Attempt  2	[0.00 s]
0.B: Starting proof for property "pipeline.dec2.de_wp.a47"	[0.00 s].
0.B: Trace Attempt  1	[0.00 s]
0.B: Trace Attempt  2	[0.00 s]
0.B: Starting proof for property "pipeline.dec2.de_wp.a48"	[0.00 s].
0.B: Trace Attempt  1	[0.00 s]
0.B: Trace Attempt  2	[0.00 s]
0.B: Starting proof for property "pipeline.dec2.de_wp.a53"	[0.00 s].
0.B: Trace Attempt  1	[0.00 s]
0.B: Trace Attempt  2	[0.00 s]
0.B: Starting proof for property "pipeline.dec2.de_wp.a54"	[0.00 s].
0.B: Trace Attempt  1	[0.00 s]
0.B: Trace Attempt  2	[0.00 s]
0.B: All properties determined. [0.06 s]
0.Hp: Trace Attempt  2	[0.07 s]
0.Hp: All properties determined. [0.07 s]
0.Ht: Trace Attempt  4	[0.02 s]
0.Ht: Trace Attempt  5	[0.02 s]
0.Ht: Interrupted (multi)
0.Ht: Trace Attempt 12	[0.03 s]
0.Ht: All properties determined. [0.03 s]
0.N: Exited with Success (@ 0.12 s)
0.B: Exited with Success (@ 0.12 s)
0.Hp: Exited with Success (@ 0.12 s)
0.Ht: Exited with Success (@ 0.12 s)
ProofGrid usable level: 0
ProofGrid usable level: 0
All pending notifications were processed.
INFO (IPF059): Completed proof on task: <embedded>

==============================================================
SUMMARY
==============================================================
	Properties Considered : 190
	      assertions      : 64
	       - proven       : 64 (100%)
	       - marked_proven: 0 (0%)
	       - cex          : 0 (0%)
	       - ar_cex       : 0 (0%)
	       - undetermined : 0 (0%)
	       - unprocessed  : 0 (0%)
	       - error        : 0 (0%)
	      covers          : 126
	       - unreachable  : 0 (0%)
	       - covered      : 126 (100%)
	       - ar_covered   : 0 (0%)
	       - undetermined : 0 (0%)
	       - unprocessed  : 0 (0%)
	       - error        : 0 (0%)
INFO: Waiting for proof threads to stop...
INFO: Proof threads stopped.
